Terminals unused in grammar

   SWITCH
   CASE
   COLON
   DEFAULT
   EXT_DEF_LIST
   EXT_VAR_DEF
   FUNC_DEF
   FUNC_DEC
   EXT_DEC_LIST
   PARAM_LIST
   PARAM_DEC
   VAR_DEF
   DEC_LIST
   DEF_LIST
   COMP_STM
   STM_LIST
   EXP_STMT
   IF_THEN
   IF_THEN_ELSE
   FUNC_CALL
   ARGS
   FUNCTION
   PARAM
   ARG
   CALL
   LABEL
   GOTO
   JLT
   JLE
   JGT
   JGE
   EQ
   NEQ
   ARRAY_DEC
   FOR_DEC
   CONTINUE_NODE
   BREAK_NODE
   BLANK
   ARRAY_DF
   FOR_EXP1
   FOR_EXP2
   FOR_EXP3
   FOR_NODE
   ARRAY_CALL
   DPLUS


状态 23 conflicts: 1 shift/reduce
状态 38 conflicts: 1 shift/reduce
状态 78 conflicts: 1 shift/reduce
状态 79 conflicts: 1 shift/reduce
状态 84 conflicts: 1 shift/reduce
状态 85 conflicts: 1 shift/reduce
状态 123 conflicts: 1 shift/reduce
状态 125 conflicts: 1 shift/reduce
状态 126 conflicts: 1 shift/reduce
状态 127 conflicts: 1 shift/reduce
状态 128 conflicts: 1 shift/reduce
状态 129 conflicts: 1 shift/reduce
状态 130 conflicts: 1 shift/reduce
状态 131 conflicts: 1 shift/reduce
状态 132 conflicts: 1 shift/reduce
状态 133 conflicts: 1 shift/reduce
状态 134 conflicts: 1 shift/reduce
状态 135 conflicts: 1 shift/reduce
状态 136 conflicts: 1 shift/reduce
状态 137 conflicts: 1 shift/reduce


语法

    0 $accept: program $end

    1 program: ExtDefList

    2 ExtDefList: %empty
    3           | ExtDef ExtDefList

    4 ExtDef: Specifier ExtDecList SEMI
    5       | Specifier FuncDec CompSt
    6       | error SEMI

    7 Specifier: TYPE

    8 ExtDecList: VarDec
    9           | VarDec COMMA ExtDecList

   10 VarDec: ID
   11       | ID ArrayDec

   12 ArrayDec: LB INDEX RB
   13         | LB INDEX RB ArrayDec
   14         | error RB

   15 INDEX: INT

   16 FuncDec: ID LP VarList RP
   17        | ID LP RP
   18        | error RP

   19 VarList: ParamDec
   20        | ParamDec COMMA VarList

   21 ParamDec: Specifier VarDec

   22 CompSt: LC DefList StmList RC
   23       | error RC

   24 StmList: %empty
   25        | Stmt StmList

   26 Stmt: Exp SEMI
   27     | CompSt
   28     | RETURN Exp SEMI
   29     | IF LP Exp RP Stmt
   30     | IF LP Exp RP Stmt ELSE Stmt
   31     | WHILE LP Exp RP Stmt
   32     | FOR LP FORDEC RP Stmt
   33     | BREAK SEMI
   34     | CONTINUE SEMI
   35     | SEMI

   36 FORDEC: FOREXP1 SEMI FOREXP2 SEMI FOREXP3
   37       | FOREXP1 SEMI SEMI FOREXP3
   38       | FOREXP1 SEMI FOREXP2 SEMI
   39       | FOREXP1 SEMI SEMI
   40       | SEMI FOREXP2 SEMI FOREXP3
   41       | SEMI FOREXP2 SEMI
   42       | SEMI SEMI FOREXP3
   43       | SEMI SEMI

   44 FOREXP1: DecList
   45        | Specifier DecList

   46 FOREXP2: Exp COMMA FOREXP2
   47        | Exp

   48 FOREXP3: Exp COMMA FOREXP3
   49        | Exp

   50 DefList: %empty
   51        | Def DefList
   52        | error SEMI

   53 Def: Specifier DecList SEMI

   54 DecList: Dec
   55        | Dec COMMA DecList

   56 Dec: VarDec
   57    | VarDec ASSIGNOP Exp

   58 Exp: Exp ASSIGNOP Exp
   59    | Exp AND Exp
   60    | Exp OR Exp
   61    | Exp RELOP Exp
   62    | Exp PLUS Exp
   63    | Exp MINUS Exp
   64    | Exp STAR Exp
   65    | Exp DIV Exp
   66    | Exp MOD Exp
   67    | Exp COMADD Exp
   68    | Exp COMSUB Exp
   69    | Exp COMSTAR Exp
   70    | Exp COMDIV Exp
   71    | Exp COMMOD Exp
   72    | LP Exp RP
   73    | MINUS Exp
   74    | NOT Exp
   75    | AUTOADD Exp
   76    | Exp AUTOADD
   77    | AUTOSUB Exp
   78    | Exp AUTOSUB
   79    | LB Args RB
   80    | ID LP Args RP
   81    | ID LP RP
   82    | Exp LB Exp RB
   83    | ID
   84    | INT
   85    | FLOAT
   86    | CHAR

   87 Args: Exp COMMA Args
   88     | Exp


Terminals, with rules where they appear

$end (0) 0
error (256) 6 14 18 23 52
INT (258) 15 84
ID (259) 10 11 16 17 80 81 83
RELOP (260) 61
TYPE (261) 7
CHAR (262) 86
FLOAT (263) 85
LP (264) 16 17 29 30 31 32 72 80 81
RP (265) 16 17 18 29 30 31 32 72 80 81
LB (266) 12 13 79 82
RB (267) 12 13 14 79 82
LC (268) 22
RC (269) 22 23
SEMI (270) 4 6 26 28 33 34 35 36 37 38 39 40 41 42 43 52 53
COMMA (271) 9 20 46 48 55 87
COMADD (272) 67
COMSUB (273) 68
COMSTAR (274) 69
COMDIV (275) 70
COMMOD (276) 71
PLUS (277) 62
MINUS (278) 63 73
STAR (279) 64
DIV (280) 65
MOD (281) 66
ASSIGNOP (282) 57 58
AND (283) 59
OR (284) 60
NOT (285) 74
IF (286) 29 30
ELSE (287) 30
WHILE (288) 31
RETURN (289) 28
FOR (290) 32
SWITCH (291)
CASE (292)
COLON (293)
DEFAULT (294)
AUTOADD (295) 75 76
AUTOSUB (296) 77 78
BREAK (297) 33
CONTINUE (298) 34
EXT_DEF_LIST (299)
EXT_VAR_DEF (300)
FUNC_DEF (301)
FUNC_DEC (302)
EXT_DEC_LIST (303)
PARAM_LIST (304)
PARAM_DEC (305)
VAR_DEF (306)
DEC_LIST (307)
DEF_LIST (308)
COMP_STM (309)
STM_LIST (310)
EXP_STMT (311)
IF_THEN (312)
IF_THEN_ELSE (313)
FUNC_CALL (314)
ARGS (315)
FUNCTION (316)
PARAM (317)
ARG (318)
CALL (319)
LABEL (320)
GOTO (321)
JLT (322)
JLE (323)
JGT (324)
JGE (325)
EQ (326)
NEQ (327)
ARRAY_DEC (328)
FOR_DEC (329)
CONTINUE_NODE (330)
BREAK_NODE (331)
BLANK (332)
ARRAY_DF (333)
FOR_EXP1 (334)
FOR_EXP2 (335)
FOR_EXP3 (336)
FOR_NODE (337)
ARRAY_CALL (338)
UMINUS (339)
DPLUS (340)
LOWER_THEN_ELSE (341)


Nonterminals, with rules where they appear

$accept (87)
    左： 0
program (88)
    左： 1, 右： 0
ExtDefList (89)
    左： 2 3, 右： 1 3
ExtDef (90)
    左： 4 5 6, 右： 3
Specifier (91)
    左： 7, 右： 4 5 21 45 53
ExtDecList (92)
    左： 8 9, 右： 4 9
VarDec (93)
    左： 10 11, 右： 8 9 21 56 57
ArrayDec (94)
    左： 12 13 14, 右： 11 13
INDEX (95)
    左： 15, 右： 12 13
FuncDec (96)
    左： 16 17 18, 右： 5
VarList (97)
    左： 19 20, 右： 16 20
ParamDec (98)
    左： 21, 右： 19 20
CompSt (99)
    左： 22 23, 右： 5 27
StmList (100)
    左： 24 25, 右： 22 25
Stmt (101)
    左： 26 27 28 29 30 31 32 33 34 35, 右： 25 29 30 31 32
FORDEC (102)
    左： 36 37 38 39 40 41 42 43, 右： 32
FOREXP1 (103)
    左： 44 45, 右： 36 37 38 39
FOREXP2 (104)
    左： 46 47, 右： 36 38 40 41 46
FOREXP3 (105)
    左： 48 49, 右： 36 37 40 42 48
DefList (106)
    左： 50 51 52, 右： 22 51
Def (107)
    左： 53, 右： 51
DecList (108)
    左： 54 55, 右： 44 45 53 55
Dec (109)
    左： 56 57, 右： 54 55
Exp (110)
    左： 58 59 60 61 62 63 64 65 66 67 68 69 70 71 72 73 74 75 76
    77 78 79 80 81 82 83 84 85 86, 右： 26 28 29 30 31 46 47 48 49
    57 58 59 60 61 62 63 64 65 66 67 68 69 70 71 72 73 74 75 76 77
    78 82 87 88
Args (111)
    左： 87 88, 右： 79 80 87


State 0

    0 $accept: . program $end

    error  shift, and go to state 1
    TYPE   shift, and go to state 2

    $end  reduce using rule 2 (ExtDefList)

    program     转到状态 3
    ExtDefList  转到状态 4
    ExtDef      转到状态 5
    Specifier   转到状态 6


State 1

    6 ExtDef: error . SEMI

    SEMI  shift, and go to state 7


State 2

    7 Specifier: TYPE .

    $default  reduce using rule 7 (Specifier)


State 3

    0 $accept: program . $end

    $end  shift, and go to state 8


State 4

    1 program: ExtDefList .

    $default  reduce using rule 1 (program)


State 5

    3 ExtDefList: ExtDef . ExtDefList

    error  shift, and go to state 1
    TYPE   shift, and go to state 2

    $end  reduce using rule 2 (ExtDefList)

    ExtDefList  转到状态 9
    ExtDef      转到状态 5
    Specifier   转到状态 6


State 6

    4 ExtDef: Specifier . ExtDecList SEMI
    5       | Specifier . FuncDec CompSt

    error  shift, and go to state 10
    ID     shift, and go to state 11

    ExtDecList  转到状态 12
    VarDec      转到状态 13
    FuncDec     转到状态 14


State 7

    6 ExtDef: error SEMI .

    $default  reduce using rule 6 (ExtDef)


State 8

    0 $accept: program $end .

    $default  接受


State 9

    3 ExtDefList: ExtDef ExtDefList .

    $default  reduce using rule 3 (ExtDefList)


State 10

   18 FuncDec: error . RP

    RP  shift, and go to state 15


State 11

   10 VarDec: ID .
   11       | ID . ArrayDec
   16 FuncDec: ID . LP VarList RP
   17        | ID . LP RP

    error  shift, and go to state 16
    LP     shift, and go to state 17
    LB     shift, and go to state 18

    SEMI   reduce using rule 10 (VarDec)
    COMMA  reduce using rule 10 (VarDec)

    ArrayDec  转到状态 19


State 12

    4 ExtDef: Specifier ExtDecList . SEMI

    SEMI  shift, and go to state 20


State 13

    8 ExtDecList: VarDec .
    9           | VarDec . COMMA ExtDecList

    COMMA  shift, and go to state 21

    $default  reduce using rule 8 (ExtDecList)


State 14

    5 ExtDef: Specifier FuncDec . CompSt

    error  shift, and go to state 22
    LC     shift, and go to state 23

    CompSt  转到状态 24


State 15

   18 FuncDec: error RP .

    $default  reduce using rule 18 (FuncDec)


State 16

   14 ArrayDec: error . RB

    RB  shift, and go to state 25


State 17

   16 FuncDec: ID LP . VarList RP
   17        | ID LP . RP

    TYPE  shift, and go to state 2
    RP    shift, and go to state 26

    Specifier  转到状态 27
    VarList    转到状态 28
    ParamDec   转到状态 29


State 18

   12 ArrayDec: LB . INDEX RB
   13         | LB . INDEX RB ArrayDec

    INT  shift, and go to state 30

    INDEX  转到状态 31


State 19

   11 VarDec: ID ArrayDec .

    $default  reduce using rule 11 (VarDec)


State 20

    4 ExtDef: Specifier ExtDecList SEMI .

    $default  reduce using rule 4 (ExtDef)


State 21

    9 ExtDecList: VarDec COMMA . ExtDecList

    ID  shift, and go to state 32

    ExtDecList  转到状态 33
    VarDec      转到状态 13


State 22

   23 CompSt: error . RC

    RC  shift, and go to state 34


State 23

   22 CompSt: LC . DefList StmList RC

    error  shift, and go to state 35
    TYPE   shift, and go to state 2

    error     [reduce using rule 50 (DefList)]
    INT       reduce using rule 50 (DefList)
    ID        reduce using rule 50 (DefList)
    CHAR      reduce using rule 50 (DefList)
    FLOAT     reduce using rule 50 (DefList)
    LP        reduce using rule 50 (DefList)
    LB        reduce using rule 50 (DefList)
    LC        reduce using rule 50 (DefList)
    RC        reduce using rule 50 (DefList)
    SEMI      reduce using rule 50 (DefList)
    MINUS     reduce using rule 50 (DefList)
    NOT       reduce using rule 50 (DefList)
    IF        reduce using rule 50 (DefList)
    WHILE     reduce using rule 50 (DefList)
    RETURN    reduce using rule 50 (DefList)
    FOR       reduce using rule 50 (DefList)
    AUTOADD   reduce using rule 50 (DefList)
    AUTOSUB   reduce using rule 50 (DefList)
    BREAK     reduce using rule 50 (DefList)
    CONTINUE  reduce using rule 50 (DefList)

    Specifier  转到状态 36
    DefList    转到状态 37
    Def        转到状态 38


State 24

    5 ExtDef: Specifier FuncDec CompSt .

    $default  reduce using rule 5 (ExtDef)


State 25

   14 ArrayDec: error RB .

    $default  reduce using rule 14 (ArrayDec)


State 26

   17 FuncDec: ID LP RP .

    $default  reduce using rule 17 (FuncDec)


State 27

   21 ParamDec: Specifier . VarDec

    ID  shift, and go to state 32

    VarDec  转到状态 39


State 28

   16 FuncDec: ID LP VarList . RP

    RP  shift, and go to state 40


State 29

   19 VarList: ParamDec .
   20        | ParamDec . COMMA VarList

    COMMA  shift, and go to state 41

    $default  reduce using rule 19 (VarList)


State 30

   15 INDEX: INT .

    $default  reduce using rule 15 (INDEX)


State 31

   12 ArrayDec: LB INDEX . RB
   13         | LB INDEX . RB ArrayDec

    RB  shift, and go to state 42


State 32

   10 VarDec: ID .
   11       | ID . ArrayDec

    error  shift, and go to state 16
    LB     shift, and go to state 18

    RP        reduce using rule 10 (VarDec)
    SEMI      reduce using rule 10 (VarDec)
    COMMA     reduce using rule 10 (VarDec)
    ASSIGNOP  reduce using rule 10 (VarDec)

    ArrayDec  转到状态 19


State 33

    9 ExtDecList: VarDec COMMA ExtDecList .

    $default  reduce using rule 9 (ExtDecList)


State 34

   23 CompSt: error RC .

    $default  reduce using rule 23 (CompSt)


State 35

   52 DefList: error . SEMI

    SEMI  shift, and go to state 43


State 36

   53 Def: Specifier . DecList SEMI

    ID  shift, and go to state 32

    VarDec   转到状态 44
    DecList  转到状态 45
    Dec      转到状态 46


State 37

   22 CompSt: LC DefList . StmList RC

    error     shift, and go to state 22
    INT       shift, and go to state 47
    ID        shift, and go to state 48
    CHAR      shift, and go to state 49
    FLOAT     shift, and go to state 50
    LP        shift, and go to state 51
    LB        shift, and go to state 52
    LC        shift, and go to state 23
    SEMI      shift, and go to state 53
    MINUS     shift, and go to state 54
    NOT       shift, and go to state 55
    IF        shift, and go to state 56
    WHILE     shift, and go to state 57
    RETURN    shift, and go to state 58
    FOR       shift, and go to state 59
    AUTOADD   shift, and go to state 60
    AUTOSUB   shift, and go to state 61
    BREAK     shift, and go to state 62
    CONTINUE  shift, and go to state 63

    RC  reduce using rule 24 (StmList)

    CompSt   转到状态 64
    StmList  转到状态 65
    Stmt     转到状态 66
    Exp      转到状态 67


State 38

   51 DefList: Def . DefList

    error  shift, and go to state 35
    TYPE   shift, and go to state 2

    error     [reduce using rule 50 (DefList)]
    INT       reduce using rule 50 (DefList)
    ID        reduce using rule 50 (DefList)
    CHAR      reduce using rule 50 (DefList)
    FLOAT     reduce using rule 50 (DefList)
    LP        reduce using rule 50 (DefList)
    LB        reduce using rule 50 (DefList)
    LC        reduce using rule 50 (DefList)
    RC        reduce using rule 50 (DefList)
    SEMI      reduce using rule 50 (DefList)
    MINUS     reduce using rule 50 (DefList)
    NOT       reduce using rule 50 (DefList)
    IF        reduce using rule 50 (DefList)
    WHILE     reduce using rule 50 (DefList)
    RETURN    reduce using rule 50 (DefList)
    FOR       reduce using rule 50 (DefList)
    AUTOADD   reduce using rule 50 (DefList)
    AUTOSUB   reduce using rule 50 (DefList)
    BREAK     reduce using rule 50 (DefList)
    CONTINUE  reduce using rule 50 (DefList)

    Specifier  转到状态 36
    DefList    转到状态 68
    Def        转到状态 38


State 39

   21 ParamDec: Specifier VarDec .

    $default  reduce using rule 21 (ParamDec)


State 40

   16 FuncDec: ID LP VarList RP .

    $default  reduce using rule 16 (FuncDec)


State 41

   20 VarList: ParamDec COMMA . VarList

    TYPE  shift, and go to state 2

    Specifier  转到状态 27
    VarList    转到状态 69
    ParamDec   转到状态 29


State 42

   12 ArrayDec: LB INDEX RB .
   13         | LB INDEX RB . ArrayDec

    error  shift, and go to state 16
    LB     shift, and go to state 18

    RP        reduce using rule 12 (ArrayDec)
    SEMI      reduce using rule 12 (ArrayDec)
    COMMA     reduce using rule 12 (ArrayDec)
    ASSIGNOP  reduce using rule 12 (ArrayDec)

    ArrayDec  转到状态 70


State 43

   52 DefList: error SEMI .

    $default  reduce using rule 52 (DefList)


State 44

   56 Dec: VarDec .
   57    | VarDec . ASSIGNOP Exp

    ASSIGNOP  shift, and go to state 71

    $default  reduce using rule 56 (Dec)


State 45

   53 Def: Specifier DecList . SEMI

    SEMI  shift, and go to state 72


State 46

   54 DecList: Dec .
   55        | Dec . COMMA DecList

    COMMA  shift, and go to state 73

    $default  reduce using rule 54 (DecList)


State 47

   84 Exp: INT .

    $default  reduce using rule 84 (Exp)


State 48

   80 Exp: ID . LP Args RP
   81    | ID . LP RP
   83    | ID .

    LP  shift, and go to state 74

    $default  reduce using rule 83 (Exp)


State 49

   86 Exp: CHAR .

    $default  reduce using rule 86 (Exp)


State 50

   85 Exp: FLOAT .

    $default  reduce using rule 85 (Exp)


State 51

   72 Exp: LP . Exp RP

    INT      shift, and go to state 47
    ID       shift, and go to state 48
    CHAR     shift, and go to state 49
    FLOAT    shift, and go to state 50
    LP       shift, and go to state 51
    LB       shift, and go to state 52
    MINUS    shift, and go to state 54
    NOT      shift, and go to state 55
    AUTOADD  shift, and go to state 60
    AUTOSUB  shift, and go to state 61

    Exp  转到状态 75


State 52

   79 Exp: LB . Args RB

    INT      shift, and go to state 47
    ID       shift, and go to state 48
    CHAR     shift, and go to state 49
    FLOAT    shift, and go to state 50
    LP       shift, and go to state 51
    LB       shift, and go to state 52
    MINUS    shift, and go to state 54
    NOT      shift, and go to state 55
    AUTOADD  shift, and go to state 60
    AUTOSUB  shift, and go to state 61

    Exp   转到状态 76
    Args  转到状态 77


State 53

   35 Stmt: SEMI .

    $default  reduce using rule 35 (Stmt)


State 54

   73 Exp: MINUS . Exp

    INT      shift, and go to state 47
    ID       shift, and go to state 48
    CHAR     shift, and go to state 49
    FLOAT    shift, and go to state 50
    LP       shift, and go to state 51
    LB       shift, and go to state 52
    MINUS    shift, and go to state 54
    NOT      shift, and go to state 55
    AUTOADD  shift, and go to state 60
    AUTOSUB  shift, and go to state 61

    Exp  转到状态 78


State 55

   74 Exp: NOT . Exp

    INT      shift, and go to state 47
    ID       shift, and go to state 48
    CHAR     shift, and go to state 49
    FLOAT    shift, and go to state 50
    LP       shift, and go to state 51
    LB       shift, and go to state 52
    MINUS    shift, and go to state 54
    NOT      shift, and go to state 55
    AUTOADD  shift, and go to state 60
    AUTOSUB  shift, and go to state 61

    Exp  转到状态 79


State 56

   29 Stmt: IF . LP Exp RP Stmt
   30     | IF . LP Exp RP Stmt ELSE Stmt

    LP  shift, and go to state 80


State 57

   31 Stmt: WHILE . LP Exp RP Stmt

    LP  shift, and go to state 81


State 58

   28 Stmt: RETURN . Exp SEMI

    INT      shift, and go to state 47
    ID       shift, and go to state 48
    CHAR     shift, and go to state 49
    FLOAT    shift, and go to state 50
    LP       shift, and go to state 51
    LB       shift, and go to state 52
    MINUS    shift, and go to state 54
    NOT      shift, and go to state 55
    AUTOADD  shift, and go to state 60
    AUTOSUB  shift, and go to state 61

    Exp  转到状态 82


State 59

   32 Stmt: FOR . LP FORDEC RP Stmt

    LP  shift, and go to state 83


State 60

   75 Exp: AUTOADD . Exp

    INT      shift, and go to state 47
    ID       shift, and go to state 48
    CHAR     shift, and go to state 49
    FLOAT    shift, and go to state 50
    LP       shift, and go to state 51
    LB       shift, and go to state 52
    MINUS    shift, and go to state 54
    NOT      shift, and go to state 55
    AUTOADD  shift, and go to state 60
    AUTOSUB  shift, and go to state 61

    Exp  转到状态 84


State 61

   77 Exp: AUTOSUB . Exp

    INT      shift, and go to state 47
    ID       shift, and go to state 48
    CHAR     shift, and go to state 49
    FLOAT    shift, and go to state 50
    LP       shift, and go to state 51
    LB       shift, and go to state 52
    MINUS    shift, and go to state 54
    NOT      shift, and go to state 55
    AUTOADD  shift, and go to state 60
    AUTOSUB  shift, and go to state 61

    Exp  转到状态 85


State 62

   33 Stmt: BREAK . SEMI

    SEMI  shift, and go to state 86


State 63

   34 Stmt: CONTINUE . SEMI

    SEMI  shift, and go to state 87


State 64

   27 Stmt: CompSt .

    $default  reduce using rule 27 (Stmt)


State 65

   22 CompSt: LC DefList StmList . RC

    RC  shift, and go to state 88


State 66

   25 StmList: Stmt . StmList

    error     shift, and go to state 22
    INT       shift, and go to state 47
    ID        shift, and go to state 48
    CHAR      shift, and go to state 49
    FLOAT     shift, and go to state 50
    LP        shift, and go to state 51
    LB        shift, and go to state 52
    LC        shift, and go to state 23
    SEMI      shift, and go to state 53
    MINUS     shift, and go to state 54
    NOT       shift, and go to state 55
    IF        shift, and go to state 56
    WHILE     shift, and go to state 57
    RETURN    shift, and go to state 58
    FOR       shift, and go to state 59
    AUTOADD   shift, and go to state 60
    AUTOSUB   shift, and go to state 61
    BREAK     shift, and go to state 62
    CONTINUE  shift, and go to state 63

    RC  reduce using rule 24 (StmList)

    CompSt   转到状态 64
    StmList  转到状态 89
    Stmt     转到状态 66
    Exp      转到状态 67


State 67

   26 Stmt: Exp . SEMI
   58 Exp: Exp . ASSIGNOP Exp
   59    | Exp . AND Exp
   60    | Exp . OR Exp
   61    | Exp . RELOP Exp
   62    | Exp . PLUS Exp
   63    | Exp . MINUS Exp
   64    | Exp . STAR Exp
   65    | Exp . DIV Exp
   66    | Exp . MOD Exp
   67    | Exp . COMADD Exp
   68    | Exp . COMSUB Exp
   69    | Exp . COMSTAR Exp
   70    | Exp . COMDIV Exp
   71    | Exp . COMMOD Exp
   76    | Exp . AUTOADD
   78    | Exp . AUTOSUB
   82    | Exp . LB Exp RB

    RELOP     shift, and go to state 90
    LB        shift, and go to state 91
    SEMI      shift, and go to state 92
    COMADD    shift, and go to state 93
    COMSUB    shift, and go to state 94
    COMSTAR   shift, and go to state 95
    COMDIV    shift, and go to state 96
    COMMOD    shift, and go to state 97
    PLUS      shift, and go to state 98
    MINUS     shift, and go to state 99
    STAR      shift, and go to state 100
    DIV       shift, and go to state 101
    MOD       shift, and go to state 102
    ASSIGNOP  shift, and go to state 103
    AND       shift, and go to state 104
    OR        shift, and go to state 105
    AUTOADD   shift, and go to state 106
    AUTOSUB   shift, and go to state 107


State 68

   51 DefList: Def DefList .

    $default  reduce using rule 51 (DefList)


State 69

   20 VarList: ParamDec COMMA VarList .

    $default  reduce using rule 20 (VarList)


State 70

   13 ArrayDec: LB INDEX RB ArrayDec .

    $default  reduce using rule 13 (ArrayDec)


State 71

   57 Dec: VarDec ASSIGNOP . Exp

    INT      shift, and go to state 47
    ID       shift, and go to state 48
    CHAR     shift, and go to state 49
    FLOAT    shift, and go to state 50
    LP       shift, and go to state 51
    LB       shift, and go to state 52
    MINUS    shift, and go to state 54
    NOT      shift, and go to state 55
    AUTOADD  shift, and go to state 60
    AUTOSUB  shift, and go to state 61

    Exp  转到状态 108


State 72

   53 Def: Specifier DecList SEMI .

    $default  reduce using rule 53 (Def)


State 73

   55 DecList: Dec COMMA . DecList

    ID  shift, and go to state 32

    VarDec   转到状态 44
    DecList  转到状态 109
    Dec      转到状态 46


State 74

   80 Exp: ID LP . Args RP
   81    | ID LP . RP

    INT      shift, and go to state 47
    ID       shift, and go to state 48
    CHAR     shift, and go to state 49
    FLOAT    shift, and go to state 50
    LP       shift, and go to state 51
    RP       shift, and go to state 110
    LB       shift, and go to state 52
    MINUS    shift, and go to state 54
    NOT      shift, and go to state 55
    AUTOADD  shift, and go to state 60
    AUTOSUB  shift, and go to state 61

    Exp   转到状态 76
    Args  转到状态 111


State 75

   58 Exp: Exp . ASSIGNOP Exp
   59    | Exp . AND Exp
   60    | Exp . OR Exp
   61    | Exp . RELOP Exp
   62    | Exp . PLUS Exp
   63    | Exp . MINUS Exp
   64    | Exp . STAR Exp
   65    | Exp . DIV Exp
   66    | Exp . MOD Exp
   67    | Exp . COMADD Exp
   68    | Exp . COMSUB Exp
   69    | Exp . COMSTAR Exp
   70    | Exp . COMDIV Exp
   71    | Exp . COMMOD Exp
   72    | LP Exp . RP
   76    | Exp . AUTOADD
   78    | Exp . AUTOSUB
   82    | Exp . LB Exp RB

    RELOP     shift, and go to state 90
    RP        shift, and go to state 112
    LB        shift, and go to state 91
    COMADD    shift, and go to state 93
    COMSUB    shift, and go to state 94
    COMSTAR   shift, and go to state 95
    COMDIV    shift, and go to state 96
    COMMOD    shift, and go to state 97
    PLUS      shift, and go to state 98
    MINUS     shift, and go to state 99
    STAR      shift, and go to state 100
    DIV       shift, and go to state 101
    MOD       shift, and go to state 102
    ASSIGNOP  shift, and go to state 103
    AND       shift, and go to state 104
    OR        shift, and go to state 105
    AUTOADD   shift, and go to state 106
    AUTOSUB   shift, and go to state 107


State 76

   58 Exp: Exp . ASSIGNOP Exp
   59    | Exp . AND Exp
   60    | Exp . OR Exp
   61    | Exp . RELOP Exp
   62    | Exp . PLUS Exp
   63    | Exp . MINUS Exp
   64    | Exp . STAR Exp
   65    | Exp . DIV Exp
   66    | Exp . MOD Exp
   67    | Exp . COMADD Exp
   68    | Exp . COMSUB Exp
   69    | Exp . COMSTAR Exp
   70    | Exp . COMDIV Exp
   71    | Exp . COMMOD Exp
   76    | Exp . AUTOADD
   78    | Exp . AUTOSUB
   82    | Exp . LB Exp RB
   87 Args: Exp . COMMA Args
   88     | Exp .

    RELOP     shift, and go to state 90
    LB        shift, and go to state 91
    COMMA     shift, and go to state 113
    COMADD    shift, and go to state 93
    COMSUB    shift, and go to state 94
    COMSTAR   shift, and go to state 95
    COMDIV    shift, and go to state 96
    COMMOD    shift, and go to state 97
    PLUS      shift, and go to state 98
    MINUS     shift, and go to state 99
    STAR      shift, and go to state 100
    DIV       shift, and go to state 101
    MOD       shift, and go to state 102
    ASSIGNOP  shift, and go to state 103
    AND       shift, and go to state 104
    OR        shift, and go to state 105
    AUTOADD   shift, and go to state 106
    AUTOSUB   shift, and go to state 107

    $default  reduce using rule 88 (Args)


State 77

   79 Exp: LB Args . RB

    RB  shift, and go to state 114


State 78

   58 Exp: Exp . ASSIGNOP Exp
   59    | Exp . AND Exp
   60    | Exp . OR Exp
   61    | Exp . RELOP Exp
   62    | Exp . PLUS Exp
   63    | Exp . MINUS Exp
   64    | Exp . STAR Exp
   65    | Exp . DIV Exp
   66    | Exp . MOD Exp
   67    | Exp . COMADD Exp
   68    | Exp . COMSUB Exp
   69    | Exp . COMSTAR Exp
   70    | Exp . COMDIV Exp
   71    | Exp . COMMOD Exp
   73    | MINUS Exp .
   76    | Exp . AUTOADD
   78    | Exp . AUTOSUB
   82    | Exp . LB Exp RB

    LB  shift, and go to state 91

    LB        [reduce using rule 73 (Exp)]
    $default  reduce using rule 73 (Exp)


State 79

   58 Exp: Exp . ASSIGNOP Exp
   59    | Exp . AND Exp
   60    | Exp . OR Exp
   61    | Exp . RELOP Exp
   62    | Exp . PLUS Exp
   63    | Exp . MINUS Exp
   64    | Exp . STAR Exp
   65    | Exp . DIV Exp
   66    | Exp . MOD Exp
   67    | Exp . COMADD Exp
   68    | Exp . COMSUB Exp
   69    | Exp . COMSTAR Exp
   70    | Exp . COMDIV Exp
   71    | Exp . COMMOD Exp
   74    | NOT Exp .
   76    | Exp . AUTOADD
   78    | Exp . AUTOSUB
   82    | Exp . LB Exp RB

    LB  shift, and go to state 91

    LB        [reduce using rule 74 (Exp)]
    $default  reduce using rule 74 (Exp)


State 80

   29 Stmt: IF LP . Exp RP Stmt
   30     | IF LP . Exp RP Stmt ELSE Stmt

    INT      shift, and go to state 47
    ID       shift, and go to state 48
    CHAR     shift, and go to state 49
    FLOAT    shift, and go to state 50
    LP       shift, and go to state 51
    LB       shift, and go to state 52
    MINUS    shift, and go to state 54
    NOT      shift, and go to state 55
    AUTOADD  shift, and go to state 60
    AUTOSUB  shift, and go to state 61

    Exp  转到状态 115


State 81

   31 Stmt: WHILE LP . Exp RP Stmt

    INT      shift, and go to state 47
    ID       shift, and go to state 48
    CHAR     shift, and go to state 49
    FLOAT    shift, and go to state 50
    LP       shift, and go to state 51
    LB       shift, and go to state 52
    MINUS    shift, and go to state 54
    NOT      shift, and go to state 55
    AUTOADD  shift, and go to state 60
    AUTOSUB  shift, and go to state 61

    Exp  转到状态 116


State 82

   28 Stmt: RETURN Exp . SEMI
   58 Exp: Exp . ASSIGNOP Exp
   59    | Exp . AND Exp
   60    | Exp . OR Exp
   61    | Exp . RELOP Exp
   62    | Exp . PLUS Exp
   63    | Exp . MINUS Exp
   64    | Exp . STAR Exp
   65    | Exp . DIV Exp
   66    | Exp . MOD Exp
   67    | Exp . COMADD Exp
   68    | Exp . COMSUB Exp
   69    | Exp . COMSTAR Exp
   70    | Exp . COMDIV Exp
   71    | Exp . COMMOD Exp
   76    | Exp . AUTOADD
   78    | Exp . AUTOSUB
   82    | Exp . LB Exp RB

    RELOP     shift, and go to state 90
    LB        shift, and go to state 91
    SEMI      shift, and go to state 117
    COMADD    shift, and go to state 93
    COMSUB    shift, and go to state 94
    COMSTAR   shift, and go to state 95
    COMDIV    shift, and go to state 96
    COMMOD    shift, and go to state 97
    PLUS      shift, and go to state 98
    MINUS     shift, and go to state 99
    STAR      shift, and go to state 100
    DIV       shift, and go to state 101
    MOD       shift, and go to state 102
    ASSIGNOP  shift, and go to state 103
    AND       shift, and go to state 104
    OR        shift, and go to state 105
    AUTOADD   shift, and go to state 106
    AUTOSUB   shift, and go to state 107


State 83

   32 Stmt: FOR LP . FORDEC RP Stmt

    ID    shift, and go to state 32
    TYPE  shift, and go to state 2
    SEMI  shift, and go to state 118

    Specifier  转到状态 119
    VarDec     转到状态 44
    FORDEC     转到状态 120
    FOREXP1    转到状态 121
    DecList    转到状态 122
    Dec        转到状态 46


State 84

   58 Exp: Exp . ASSIGNOP Exp
   59    | Exp . AND Exp
   60    | Exp . OR Exp
   61    | Exp . RELOP Exp
   62    | Exp . PLUS Exp
   63    | Exp . MINUS Exp
   64    | Exp . STAR Exp
   65    | Exp . DIV Exp
   66    | Exp . MOD Exp
   67    | Exp . COMADD Exp
   68    | Exp . COMSUB Exp
   69    | Exp . COMSTAR Exp
   70    | Exp . COMDIV Exp
   71    | Exp . COMMOD Exp
   75    | AUTOADD Exp .
   76    | Exp . AUTOADD
   78    | Exp . AUTOSUB
   82    | Exp . LB Exp RB

    LB  shift, and go to state 91

    LB        [reduce using rule 75 (Exp)]
    $default  reduce using rule 75 (Exp)


State 85

   58 Exp: Exp . ASSIGNOP Exp
   59    | Exp . AND Exp
   60    | Exp . OR Exp
   61    | Exp . RELOP Exp
   62    | Exp . PLUS Exp
   63    | Exp . MINUS Exp
   64    | Exp . STAR Exp
   65    | Exp . DIV Exp
   66    | Exp . MOD Exp
   67    | Exp . COMADD Exp
   68    | Exp . COMSUB Exp
   69    | Exp . COMSTAR Exp
   70    | Exp . COMDIV Exp
   71    | Exp . COMMOD Exp
   76    | Exp . AUTOADD
   77    | AUTOSUB Exp .
   78    | Exp . AUTOSUB
   82    | Exp . LB Exp RB

    LB  shift, and go to state 91

    LB        [reduce using rule 77 (Exp)]
    $default  reduce using rule 77 (Exp)


State 86

   33 Stmt: BREAK SEMI .

    $default  reduce using rule 33 (Stmt)


State 87

   34 Stmt: CONTINUE SEMI .

    $default  reduce using rule 34 (Stmt)


State 88

   22 CompSt: LC DefList StmList RC .

    $default  reduce using rule 22 (CompSt)


State 89

   25 StmList: Stmt StmList .

    $default  reduce using rule 25 (StmList)


State 90

   61 Exp: Exp RELOP . Exp

    INT      shift, and go to state 47
    ID       shift, and go to state 48
    CHAR     shift, and go to state 49
    FLOAT    shift, and go to state 50
    LP       shift, and go to state 51
    LB       shift, and go to state 52
    MINUS    shift, and go to state 54
    NOT      shift, and go to state 55
    AUTOADD  shift, and go to state 60
    AUTOSUB  shift, and go to state 61

    Exp  转到状态 123


State 91

   82 Exp: Exp LB . Exp RB

    INT      shift, and go to state 47
    ID       shift, and go to state 48
    CHAR     shift, and go to state 49
    FLOAT    shift, and go to state 50
    LP       shift, and go to state 51
    LB       shift, and go to state 52
    MINUS    shift, and go to state 54
    NOT      shift, and go to state 55
    AUTOADD  shift, and go to state 60
    AUTOSUB  shift, and go to state 61

    Exp  转到状态 124


State 92

   26 Stmt: Exp SEMI .

    $default  reduce using rule 26 (Stmt)


State 93

   67 Exp: Exp COMADD . Exp

    INT      shift, and go to state 47
    ID       shift, and go to state 48
    CHAR     shift, and go to state 49
    FLOAT    shift, and go to state 50
    LP       shift, and go to state 51
    LB       shift, and go to state 52
    MINUS    shift, and go to state 54
    NOT      shift, and go to state 55
    AUTOADD  shift, and go to state 60
    AUTOSUB  shift, and go to state 61

    Exp  转到状态 125


State 94

   68 Exp: Exp COMSUB . Exp

    INT      shift, and go to state 47
    ID       shift, and go to state 48
    CHAR     shift, and go to state 49
    FLOAT    shift, and go to state 50
    LP       shift, and go to state 51
    LB       shift, and go to state 52
    MINUS    shift, and go to state 54
    NOT      shift, and go to state 55
    AUTOADD  shift, and go to state 60
    AUTOSUB  shift, and go to state 61

    Exp  转到状态 126


State 95

   69 Exp: Exp COMSTAR . Exp

    INT      shift, and go to state 47
    ID       shift, and go to state 48
    CHAR     shift, and go to state 49
    FLOAT    shift, and go to state 50
    LP       shift, and go to state 51
    LB       shift, and go to state 52
    MINUS    shift, and go to state 54
    NOT      shift, and go to state 55
    AUTOADD  shift, and go to state 60
    AUTOSUB  shift, and go to state 61

    Exp  转到状态 127


State 96

   70 Exp: Exp COMDIV . Exp

    INT      shift, and go to state 47
    ID       shift, and go to state 48
    CHAR     shift, and go to state 49
    FLOAT    shift, and go to state 50
    LP       shift, and go to state 51
    LB       shift, and go to state 52
    MINUS    shift, and go to state 54
    NOT      shift, and go to state 55
    AUTOADD  shift, and go to state 60
    AUTOSUB  shift, and go to state 61

    Exp  转到状态 128


State 97

   71 Exp: Exp COMMOD . Exp

    INT      shift, and go to state 47
    ID       shift, and go to state 48
    CHAR     shift, and go to state 49
    FLOAT    shift, and go to state 50
    LP       shift, and go to state 51
    LB       shift, and go to state 52
    MINUS    shift, and go to state 54
    NOT      shift, and go to state 55
    AUTOADD  shift, and go to state 60
    AUTOSUB  shift, and go to state 61

    Exp  转到状态 129


State 98

   62 Exp: Exp PLUS . Exp

    INT      shift, and go to state 47
    ID       shift, and go to state 48
    CHAR     shift, and go to state 49
    FLOAT    shift, and go to state 50
    LP       shift, and go to state 51
    LB       shift, and go to state 52
    MINUS    shift, and go to state 54
    NOT      shift, and go to state 55
    AUTOADD  shift, and go to state 60
    AUTOSUB  shift, and go to state 61

    Exp  转到状态 130


State 99

   63 Exp: Exp MINUS . Exp

    INT      shift, and go to state 47
    ID       shift, and go to state 48
    CHAR     shift, and go to state 49
    FLOAT    shift, and go to state 50
    LP       shift, and go to state 51
    LB       shift, and go to state 52
    MINUS    shift, and go to state 54
    NOT      shift, and go to state 55
    AUTOADD  shift, and go to state 60
    AUTOSUB  shift, and go to state 61

    Exp  转到状态 131


State 100

   64 Exp: Exp STAR . Exp

    INT      shift, and go to state 47
    ID       shift, and go to state 48
    CHAR     shift, and go to state 49
    FLOAT    shift, and go to state 50
    LP       shift, and go to state 51
    LB       shift, and go to state 52
    MINUS    shift, and go to state 54
    NOT      shift, and go to state 55
    AUTOADD  shift, and go to state 60
    AUTOSUB  shift, and go to state 61

    Exp  转到状态 132


State 101

   65 Exp: Exp DIV . Exp

    INT      shift, and go to state 47
    ID       shift, and go to state 48
    CHAR     shift, and go to state 49
    FLOAT    shift, and go to state 50
    LP       shift, and go to state 51
    LB       shift, and go to state 52
    MINUS    shift, and go to state 54
    NOT      shift, and go to state 55
    AUTOADD  shift, and go to state 60
    AUTOSUB  shift, and go to state 61

    Exp  转到状态 133


State 102

   66 Exp: Exp MOD . Exp

    INT      shift, and go to state 47
    ID       shift, and go to state 48
    CHAR     shift, and go to state 49
    FLOAT    shift, and go to state 50
    LP       shift, and go to state 51
    LB       shift, and go to state 52
    MINUS    shift, and go to state 54
    NOT      shift, and go to state 55
    AUTOADD  shift, and go to state 60
    AUTOSUB  shift, and go to state 61

    Exp  转到状态 134


State 103

   58 Exp: Exp ASSIGNOP . Exp

    INT      shift, and go to state 47
    ID       shift, and go to state 48
    CHAR     shift, and go to state 49
    FLOAT    shift, and go to state 50
    LP       shift, and go to state 51
    LB       shift, and go to state 52
    MINUS    shift, and go to state 54
    NOT      shift, and go to state 55
    AUTOADD  shift, and go to state 60
    AUTOSUB  shift, and go to state 61

    Exp  转到状态 135


State 104

   59 Exp: Exp AND . Exp

    INT      shift, and go to state 47
    ID       shift, and go to state 48
    CHAR     shift, and go to state 49
    FLOAT    shift, and go to state 50
    LP       shift, and go to state 51
    LB       shift, and go to state 52
    MINUS    shift, and go to state 54
    NOT      shift, and go to state 55
    AUTOADD  shift, and go to state 60
    AUTOSUB  shift, and go to state 61

    Exp  转到状态 136


State 105

   60 Exp: Exp OR . Exp

    INT      shift, and go to state 47
    ID       shift, and go to state 48
    CHAR     shift, and go to state 49
    FLOAT    shift, and go to state 50
    LP       shift, and go to state 51
    LB       shift, and go to state 52
    MINUS    shift, and go to state 54
    NOT      shift, and go to state 55
    AUTOADD  shift, and go to state 60
    AUTOSUB  shift, and go to state 61

    Exp  转到状态 137


State 106

   76 Exp: Exp AUTOADD .

    $default  reduce using rule 76 (Exp)


State 107

   78 Exp: Exp AUTOSUB .

    $default  reduce using rule 78 (Exp)


State 108

   57 Dec: VarDec ASSIGNOP Exp .
   58 Exp: Exp . ASSIGNOP Exp
   59    | Exp . AND Exp
   60    | Exp . OR Exp
   61    | Exp . RELOP Exp
   62    | Exp . PLUS Exp
   63    | Exp . MINUS Exp
   64    | Exp . STAR Exp
   65    | Exp . DIV Exp
   66    | Exp . MOD Exp
   67    | Exp . COMADD Exp
   68    | Exp . COMSUB Exp
   69    | Exp . COMSTAR Exp
   70    | Exp . COMDIV Exp
   71    | Exp . COMMOD Exp
   76    | Exp . AUTOADD
   78    | Exp . AUTOSUB
   82    | Exp . LB Exp RB

    RELOP     shift, and go to state 90
    LB        shift, and go to state 91
    COMADD    shift, and go to state 93
    COMSUB    shift, and go to state 94
    COMSTAR   shift, and go to state 95
    COMDIV    shift, and go to state 96
    COMMOD    shift, and go to state 97
    PLUS      shift, and go to state 98
    MINUS     shift, and go to state 99
    STAR      shift, and go to state 100
    DIV       shift, and go to state 101
    MOD       shift, and go to state 102
    ASSIGNOP  shift, and go to state 103
    AND       shift, and go to state 104
    OR        shift, and go to state 105
    AUTOADD   shift, and go to state 106
    AUTOSUB   shift, and go to state 107

    $default  reduce using rule 57 (Dec)


State 109

   55 DecList: Dec COMMA DecList .

    $default  reduce using rule 55 (DecList)


State 110

   81 Exp: ID LP RP .

    $default  reduce using rule 81 (Exp)


State 111

   80 Exp: ID LP Args . RP

    RP  shift, and go to state 138


State 112

   72 Exp: LP Exp RP .

    $default  reduce using rule 72 (Exp)


State 113

   87 Args: Exp COMMA . Args

    INT      shift, and go to state 47
    ID       shift, and go to state 48
    CHAR     shift, and go to state 49
    FLOAT    shift, and go to state 50
    LP       shift, and go to state 51
    LB       shift, and go to state 52
    MINUS    shift, and go to state 54
    NOT      shift, and go to state 55
    AUTOADD  shift, and go to state 60
    AUTOSUB  shift, and go to state 61

    Exp   转到状态 76
    Args  转到状态 139


State 114

   79 Exp: LB Args RB .

    $default  reduce using rule 79 (Exp)


State 115

   29 Stmt: IF LP Exp . RP Stmt
   30     | IF LP Exp . RP Stmt ELSE Stmt
   58 Exp: Exp . ASSIGNOP Exp
   59    | Exp . AND Exp
   60    | Exp . OR Exp
   61    | Exp . RELOP Exp
   62    | Exp . PLUS Exp
   63    | Exp . MINUS Exp
   64    | Exp . STAR Exp
   65    | Exp . DIV Exp
   66    | Exp . MOD Exp
   67    | Exp . COMADD Exp
   68    | Exp . COMSUB Exp
   69    | Exp . COMSTAR Exp
   70    | Exp . COMDIV Exp
   71    | Exp . COMMOD Exp
   76    | Exp . AUTOADD
   78    | Exp . AUTOSUB
   82    | Exp . LB Exp RB

    RELOP     shift, and go to state 90
    RP        shift, and go to state 140
    LB        shift, and go to state 91
    COMADD    shift, and go to state 93
    COMSUB    shift, and go to state 94
    COMSTAR   shift, and go to state 95
    COMDIV    shift, and go to state 96
    COMMOD    shift, and go to state 97
    PLUS      shift, and go to state 98
    MINUS     shift, and go to state 99
    STAR      shift, and go to state 100
    DIV       shift, and go to state 101
    MOD       shift, and go to state 102
    ASSIGNOP  shift, and go to state 103
    AND       shift, and go to state 104
    OR        shift, and go to state 105
    AUTOADD   shift, and go to state 106
    AUTOSUB   shift, and go to state 107


State 116

   31 Stmt: WHILE LP Exp . RP Stmt
   58 Exp: Exp . ASSIGNOP Exp
   59    | Exp . AND Exp
   60    | Exp . OR Exp
   61    | Exp . RELOP Exp
   62    | Exp . PLUS Exp
   63    | Exp . MINUS Exp
   64    | Exp . STAR Exp
   65    | Exp . DIV Exp
   66    | Exp . MOD Exp
   67    | Exp . COMADD Exp
   68    | Exp . COMSUB Exp
   69    | Exp . COMSTAR Exp
   70    | Exp . COMDIV Exp
   71    | Exp . COMMOD Exp
   76    | Exp . AUTOADD
   78    | Exp . AUTOSUB
   82    | Exp . LB Exp RB

    RELOP     shift, and go to state 90
    RP        shift, and go to state 141
    LB        shift, and go to state 91
    COMADD    shift, and go to state 93
    COMSUB    shift, and go to state 94
    COMSTAR   shift, and go to state 95
    COMDIV    shift, and go to state 96
    COMMOD    shift, and go to state 97
    PLUS      shift, and go to state 98
    MINUS     shift, and go to state 99
    STAR      shift, and go to state 100
    DIV       shift, and go to state 101
    MOD       shift, and go to state 102
    ASSIGNOP  shift, and go to state 103
    AND       shift, and go to state 104
    OR        shift, and go to state 105
    AUTOADD   shift, and go to state 106
    AUTOSUB   shift, and go to state 107


State 117

   28 Stmt: RETURN Exp SEMI .

    $default  reduce using rule 28 (Stmt)


State 118

   40 FORDEC: SEMI . FOREXP2 SEMI FOREXP3
   41       | SEMI . FOREXP2 SEMI
   42       | SEMI . SEMI FOREXP3
   43       | SEMI . SEMI

    INT      shift, and go to state 47
    ID       shift, and go to state 48
    CHAR     shift, and go to state 49
    FLOAT    shift, and go to state 50
    LP       shift, and go to state 51
    LB       shift, and go to state 52
    SEMI     shift, and go to state 142
    MINUS    shift, and go to state 54
    NOT      shift, and go to state 55
    AUTOADD  shift, and go to state 60
    AUTOSUB  shift, and go to state 61

    FOREXP2  转到状态 143
    Exp      转到状态 144


State 119

   45 FOREXP1: Specifier . DecList

    ID  shift, and go to state 32

    VarDec   转到状态 44
    DecList  转到状态 145
    Dec      转到状态 46


State 120

   32 Stmt: FOR LP FORDEC . RP Stmt

    RP  shift, and go to state 146


State 121

   36 FORDEC: FOREXP1 . SEMI FOREXP2 SEMI FOREXP3
   37       | FOREXP1 . SEMI SEMI FOREXP3
   38       | FOREXP1 . SEMI FOREXP2 SEMI
   39       | FOREXP1 . SEMI SEMI

    SEMI  shift, and go to state 147


State 122

   44 FOREXP1: DecList .

    $default  reduce using rule 44 (FOREXP1)


State 123

   58 Exp: Exp . ASSIGNOP Exp
   59    | Exp . AND Exp
   60    | Exp . OR Exp
   61    | Exp . RELOP Exp
   61    | Exp RELOP Exp .
   62    | Exp . PLUS Exp
   63    | Exp . MINUS Exp
   64    | Exp . STAR Exp
   65    | Exp . DIV Exp
   66    | Exp . MOD Exp
   67    | Exp . COMADD Exp
   68    | Exp . COMSUB Exp
   69    | Exp . COMSTAR Exp
   70    | Exp . COMDIV Exp
   71    | Exp . COMMOD Exp
   76    | Exp . AUTOADD
   78    | Exp . AUTOSUB
   82    | Exp . LB Exp RB

    LB       shift, and go to state 91
    PLUS     shift, and go to state 98
    MINUS    shift, and go to state 99
    STAR     shift, and go to state 100
    DIV      shift, and go to state 101
    MOD      shift, and go to state 102
    AUTOADD  shift, and go to state 106
    AUTOSUB  shift, and go to state 107

    LB        [reduce using rule 61 (Exp)]
    $default  reduce using rule 61 (Exp)


State 124

   58 Exp: Exp . ASSIGNOP Exp
   59    | Exp . AND Exp
   60    | Exp . OR Exp
   61    | Exp . RELOP Exp
   62    | Exp . PLUS Exp
   63    | Exp . MINUS Exp
   64    | Exp . STAR Exp
   65    | Exp . DIV Exp
   66    | Exp . MOD Exp
   67    | Exp . COMADD Exp
   68    | Exp . COMSUB Exp
   69    | Exp . COMSTAR Exp
   70    | Exp . COMDIV Exp
   71    | Exp . COMMOD Exp
   76    | Exp . AUTOADD
   78    | Exp . AUTOSUB
   82    | Exp . LB Exp RB
   82    | Exp LB Exp . RB

    RELOP     shift, and go to state 90
    LB        shift, and go to state 91
    RB        shift, and go to state 148
    COMADD    shift, and go to state 93
    COMSUB    shift, and go to state 94
    COMSTAR   shift, and go to state 95
    COMDIV    shift, and go to state 96
    COMMOD    shift, and go to state 97
    PLUS      shift, and go to state 98
    MINUS     shift, and go to state 99
    STAR      shift, and go to state 100
    DIV       shift, and go to state 101
    MOD       shift, and go to state 102
    ASSIGNOP  shift, and go to state 103
    AND       shift, and go to state 104
    OR        shift, and go to state 105
    AUTOADD   shift, and go to state 106
    AUTOSUB   shift, and go to state 107


State 125

   58 Exp: Exp . ASSIGNOP Exp
   59    | Exp . AND Exp
   60    | Exp . OR Exp
   61    | Exp . RELOP Exp
   62    | Exp . PLUS Exp
   63    | Exp . MINUS Exp
   64    | Exp . STAR Exp
   65    | Exp . DIV Exp
   66    | Exp . MOD Exp
   67    | Exp . COMADD Exp
   67    | Exp COMADD Exp .
   68    | Exp . COMSUB Exp
   69    | Exp . COMSTAR Exp
   70    | Exp . COMDIV Exp
   71    | Exp . COMMOD Exp
   76    | Exp . AUTOADD
   78    | Exp . AUTOSUB
   82    | Exp . LB Exp RB

    RELOP     shift, and go to state 90
    LB        shift, and go to state 91
    PLUS      shift, and go to state 98
    MINUS     shift, and go to state 99
    STAR      shift, and go to state 100
    DIV       shift, and go to state 101
    MOD       shift, and go to state 102
    ASSIGNOP  shift, and go to state 103
    AND       shift, and go to state 104
    OR        shift, and go to state 105
    AUTOADD   shift, and go to state 106
    AUTOSUB   shift, and go to state 107

    LB        [reduce using rule 67 (Exp)]
    $default  reduce using rule 67 (Exp)


State 126

   58 Exp: Exp . ASSIGNOP Exp
   59    | Exp . AND Exp
   60    | Exp . OR Exp
   61    | Exp . RELOP Exp
   62    | Exp . PLUS Exp
   63    | Exp . MINUS Exp
   64    | Exp . STAR Exp
   65    | Exp . DIV Exp
   66    | Exp . MOD Exp
   67    | Exp . COMADD Exp
   68    | Exp . COMSUB Exp
   68    | Exp COMSUB Exp .
   69    | Exp . COMSTAR Exp
   70    | Exp . COMDIV Exp
   71    | Exp . COMMOD Exp
   76    | Exp . AUTOADD
   78    | Exp . AUTOSUB
   82    | Exp . LB Exp RB

    RELOP     shift, and go to state 90
    LB        shift, and go to state 91
    PLUS      shift, and go to state 98
    MINUS     shift, and go to state 99
    STAR      shift, and go to state 100
    DIV       shift, and go to state 101
    MOD       shift, and go to state 102
    ASSIGNOP  shift, and go to state 103
    AND       shift, and go to state 104
    OR        shift, and go to state 105
    AUTOADD   shift, and go to state 106
    AUTOSUB   shift, and go to state 107

    LB        [reduce using rule 68 (Exp)]
    $default  reduce using rule 68 (Exp)


State 127

   58 Exp: Exp . ASSIGNOP Exp
   59    | Exp . AND Exp
   60    | Exp . OR Exp
   61    | Exp . RELOP Exp
   62    | Exp . PLUS Exp
   63    | Exp . MINUS Exp
   64    | Exp . STAR Exp
   65    | Exp . DIV Exp
   66    | Exp . MOD Exp
   67    | Exp . COMADD Exp
   68    | Exp . COMSUB Exp
   69    | Exp . COMSTAR Exp
   69    | Exp COMSTAR Exp .
   70    | Exp . COMDIV Exp
   71    | Exp . COMMOD Exp
   76    | Exp . AUTOADD
   78    | Exp . AUTOSUB
   82    | Exp . LB Exp RB

    RELOP     shift, and go to state 90
    LB        shift, and go to state 91
    PLUS      shift, and go to state 98
    MINUS     shift, and go to state 99
    STAR      shift, and go to state 100
    DIV       shift, and go to state 101
    MOD       shift, and go to state 102
    ASSIGNOP  shift, and go to state 103
    AND       shift, and go to state 104
    OR        shift, and go to state 105
    AUTOADD   shift, and go to state 106
    AUTOSUB   shift, and go to state 107

    LB        [reduce using rule 69 (Exp)]
    $default  reduce using rule 69 (Exp)


State 128

   58 Exp: Exp . ASSIGNOP Exp
   59    | Exp . AND Exp
   60    | Exp . OR Exp
   61    | Exp . RELOP Exp
   62    | Exp . PLUS Exp
   63    | Exp . MINUS Exp
   64    | Exp . STAR Exp
   65    | Exp . DIV Exp
   66    | Exp . MOD Exp
   67    | Exp . COMADD Exp
   68    | Exp . COMSUB Exp
   69    | Exp . COMSTAR Exp
   70    | Exp . COMDIV Exp
   70    | Exp COMDIV Exp .
   71    | Exp . COMMOD Exp
   76    | Exp . AUTOADD
   78    | Exp . AUTOSUB
   82    | Exp . LB Exp RB

    RELOP     shift, and go to state 90
    LB        shift, and go to state 91
    PLUS      shift, and go to state 98
    MINUS     shift, and go to state 99
    STAR      shift, and go to state 100
    DIV       shift, and go to state 101
    MOD       shift, and go to state 102
    ASSIGNOP  shift, and go to state 103
    AND       shift, and go to state 104
    OR        shift, and go to state 105
    AUTOADD   shift, and go to state 106
    AUTOSUB   shift, and go to state 107

    LB        [reduce using rule 70 (Exp)]
    $default  reduce using rule 70 (Exp)


State 129

   58 Exp: Exp . ASSIGNOP Exp
   59    | Exp . AND Exp
   60    | Exp . OR Exp
   61    | Exp . RELOP Exp
   62    | Exp . PLUS Exp
   63    | Exp . MINUS Exp
   64    | Exp . STAR Exp
   65    | Exp . DIV Exp
   66    | Exp . MOD Exp
   67    | Exp . COMADD Exp
   68    | Exp . COMSUB Exp
   69    | Exp . COMSTAR Exp
   70    | Exp . COMDIV Exp
   71    | Exp . COMMOD Exp
   71    | Exp COMMOD Exp .
   76    | Exp . AUTOADD
   78    | Exp . AUTOSUB
   82    | Exp . LB Exp RB

    RELOP     shift, and go to state 90
    LB        shift, and go to state 91
    PLUS      shift, and go to state 98
    MINUS     shift, and go to state 99
    STAR      shift, and go to state 100
    DIV       shift, and go to state 101
    MOD       shift, and go to state 102
    ASSIGNOP  shift, and go to state 103
    AND       shift, and go to state 104
    OR        shift, and go to state 105
    AUTOADD   shift, and go to state 106
    AUTOSUB   shift, and go to state 107

    LB        [reduce using rule 71 (Exp)]
    $default  reduce using rule 71 (Exp)


State 130

   58 Exp: Exp . ASSIGNOP Exp
   59    | Exp . AND Exp
   60    | Exp . OR Exp
   61    | Exp . RELOP Exp
   62    | Exp . PLUS Exp
   62    | Exp PLUS Exp .
   63    | Exp . MINUS Exp
   64    | Exp . STAR Exp
   65    | Exp . DIV Exp
   66    | Exp . MOD Exp
   67    | Exp . COMADD Exp
   68    | Exp . COMSUB Exp
   69    | Exp . COMSTAR Exp
   70    | Exp . COMDIV Exp
   71    | Exp . COMMOD Exp
   76    | Exp . AUTOADD
   78    | Exp . AUTOSUB
   82    | Exp . LB Exp RB

    LB       shift, and go to state 91
    STAR     shift, and go to state 100
    DIV      shift, and go to state 101
    MOD      shift, and go to state 102
    AUTOADD  shift, and go to state 106
    AUTOSUB  shift, and go to state 107

    LB        [reduce using rule 62 (Exp)]
    $default  reduce using rule 62 (Exp)


State 131

   58 Exp: Exp . ASSIGNOP Exp
   59    | Exp . AND Exp
   60    | Exp . OR Exp
   61    | Exp . RELOP Exp
   62    | Exp . PLUS Exp
   63    | Exp . MINUS Exp
   63    | Exp MINUS Exp .
   64    | Exp . STAR Exp
   65    | Exp . DIV Exp
   66    | Exp . MOD Exp
   67    | Exp . COMADD Exp
   68    | Exp . COMSUB Exp
   69    | Exp . COMSTAR Exp
   70    | Exp . COMDIV Exp
   71    | Exp . COMMOD Exp
   76    | Exp . AUTOADD
   78    | Exp . AUTOSUB
   82    | Exp . LB Exp RB

    LB       shift, and go to state 91
    STAR     shift, and go to state 100
    DIV      shift, and go to state 101
    MOD      shift, and go to state 102
    AUTOADD  shift, and go to state 106
    AUTOSUB  shift, and go to state 107

    LB        [reduce using rule 63 (Exp)]
    $default  reduce using rule 63 (Exp)


State 132

   58 Exp: Exp . ASSIGNOP Exp
   59    | Exp . AND Exp
   60    | Exp . OR Exp
   61    | Exp . RELOP Exp
   62    | Exp . PLUS Exp
   63    | Exp . MINUS Exp
   64    | Exp . STAR Exp
   64    | Exp STAR Exp .
   65    | Exp . DIV Exp
   66    | Exp . MOD Exp
   67    | Exp . COMADD Exp
   68    | Exp . COMSUB Exp
   69    | Exp . COMSTAR Exp
   70    | Exp . COMDIV Exp
   71    | Exp . COMMOD Exp
   76    | Exp . AUTOADD
   78    | Exp . AUTOSUB
   82    | Exp . LB Exp RB

    LB       shift, and go to state 91
    AUTOADD  shift, and go to state 106
    AUTOSUB  shift, and go to state 107

    LB        [reduce using rule 64 (Exp)]
    $default  reduce using rule 64 (Exp)


State 133

   58 Exp: Exp . ASSIGNOP Exp
   59    | Exp . AND Exp
   60    | Exp . OR Exp
   61    | Exp . RELOP Exp
   62    | Exp . PLUS Exp
   63    | Exp . MINUS Exp
   64    | Exp . STAR Exp
   65    | Exp . DIV Exp
   65    | Exp DIV Exp .
   66    | Exp . MOD Exp
   67    | Exp . COMADD Exp
   68    | Exp . COMSUB Exp
   69    | Exp . COMSTAR Exp
   70    | Exp . COMDIV Exp
   71    | Exp . COMMOD Exp
   76    | Exp . AUTOADD
   78    | Exp . AUTOSUB
   82    | Exp . LB Exp RB

    LB       shift, and go to state 91
    AUTOADD  shift, and go to state 106
    AUTOSUB  shift, and go to state 107

    LB        [reduce using rule 65 (Exp)]
    $default  reduce using rule 65 (Exp)


State 134

   58 Exp: Exp . ASSIGNOP Exp
   59    | Exp . AND Exp
   60    | Exp . OR Exp
   61    | Exp . RELOP Exp
   62    | Exp . PLUS Exp
   63    | Exp . MINUS Exp
   64    | Exp . STAR Exp
   65    | Exp . DIV Exp
   66    | Exp . MOD Exp
   66    | Exp MOD Exp .
   67    | Exp . COMADD Exp
   68    | Exp . COMSUB Exp
   69    | Exp . COMSTAR Exp
   70    | Exp . COMDIV Exp
   71    | Exp . COMMOD Exp
   76    | Exp . AUTOADD
   78    | Exp . AUTOSUB
   82    | Exp . LB Exp RB

    LB       shift, and go to state 91
    AUTOADD  shift, and go to state 106
    AUTOSUB  shift, and go to state 107

    LB        [reduce using rule 66 (Exp)]
    $default  reduce using rule 66 (Exp)


State 135

   58 Exp: Exp . ASSIGNOP Exp
   58    | Exp ASSIGNOP Exp .
   59    | Exp . AND Exp
   60    | Exp . OR Exp
   61    | Exp . RELOP Exp
   62    | Exp . PLUS Exp
   63    | Exp . MINUS Exp
   64    | Exp . STAR Exp
   65    | Exp . DIV Exp
   66    | Exp . MOD Exp
   67    | Exp . COMADD Exp
   68    | Exp . COMSUB Exp
   69    | Exp . COMSTAR Exp
   70    | Exp . COMDIV Exp
   71    | Exp . COMMOD Exp
   76    | Exp . AUTOADD
   78    | Exp . AUTOSUB
   82    | Exp . LB Exp RB

    RELOP    shift, and go to state 90
    LB       shift, and go to state 91
    PLUS     shift, and go to state 98
    MINUS    shift, and go to state 99
    STAR     shift, and go to state 100
    DIV      shift, and go to state 101
    MOD      shift, and go to state 102
    AND      shift, and go to state 104
    OR       shift, and go to state 105
    AUTOADD  shift, and go to state 106
    AUTOSUB  shift, and go to state 107

    LB        [reduce using rule 58 (Exp)]
    $default  reduce using rule 58 (Exp)


State 136

   58 Exp: Exp . ASSIGNOP Exp
   59    | Exp . AND Exp
   59    | Exp AND Exp .
   60    | Exp . OR Exp
   61    | Exp . RELOP Exp
   62    | Exp . PLUS Exp
   63    | Exp . MINUS Exp
   64    | Exp . STAR Exp
   65    | Exp . DIV Exp
   66    | Exp . MOD Exp
   67    | Exp . COMADD Exp
   68    | Exp . COMSUB Exp
   69    | Exp . COMSTAR Exp
   70    | Exp . COMDIV Exp
   71    | Exp . COMMOD Exp
   76    | Exp . AUTOADD
   78    | Exp . AUTOSUB
   82    | Exp . LB Exp RB

    RELOP    shift, and go to state 90
    LB       shift, and go to state 91
    PLUS     shift, and go to state 98
    MINUS    shift, and go to state 99
    STAR     shift, and go to state 100
    DIV      shift, and go to state 101
    MOD      shift, and go to state 102
    AUTOADD  shift, and go to state 106
    AUTOSUB  shift, and go to state 107

    LB        [reduce using rule 59 (Exp)]
    $default  reduce using rule 59 (Exp)


State 137

   58 Exp: Exp . ASSIGNOP Exp
   59    | Exp . AND Exp
   60    | Exp . OR Exp
   60    | Exp OR Exp .
   61    | Exp . RELOP Exp
   62    | Exp . PLUS Exp
   63    | Exp . MINUS Exp
   64    | Exp . STAR Exp
   65    | Exp . DIV Exp
   66    | Exp . MOD Exp
   67    | Exp . COMADD Exp
   68    | Exp . COMSUB Exp
   69    | Exp . COMSTAR Exp
   70    | Exp . COMDIV Exp
   71    | Exp . COMMOD Exp
   76    | Exp . AUTOADD
   78    | Exp . AUTOSUB
   82    | Exp . LB Exp RB

    RELOP    shift, and go to state 90
    LB       shift, and go to state 91
    PLUS     shift, and go to state 98
    MINUS    shift, and go to state 99
    STAR     shift, and go to state 100
    DIV      shift, and go to state 101
    MOD      shift, and go to state 102
    AND      shift, and go to state 104
    AUTOADD  shift, and go to state 106
    AUTOSUB  shift, and go to state 107

    LB        [reduce using rule 60 (Exp)]
    $default  reduce using rule 60 (Exp)


State 138

   80 Exp: ID LP Args RP .

    $default  reduce using rule 80 (Exp)


State 139

   87 Args: Exp COMMA Args .

    $default  reduce using rule 87 (Args)


State 140

   29 Stmt: IF LP Exp RP . Stmt
   30     | IF LP Exp RP . Stmt ELSE Stmt

    error     shift, and go to state 22
    INT       shift, and go to state 47
    ID        shift, and go to state 48
    CHAR      shift, and go to state 49
    FLOAT     shift, and go to state 50
    LP        shift, and go to state 51
    LB        shift, and go to state 52
    LC        shift, and go to state 23
    SEMI      shift, and go to state 53
    MINUS     shift, and go to state 54
    NOT       shift, and go to state 55
    IF        shift, and go to state 56
    WHILE     shift, and go to state 57
    RETURN    shift, and go to state 58
    FOR       shift, and go to state 59
    AUTOADD   shift, and go to state 60
    AUTOSUB   shift, and go to state 61
    BREAK     shift, and go to state 62
    CONTINUE  shift, and go to state 63

    CompSt  转到状态 64
    Stmt    转到状态 149
    Exp     转到状态 67


State 141

   31 Stmt: WHILE LP Exp RP . Stmt

    error     shift, and go to state 22
    INT       shift, and go to state 47
    ID        shift, and go to state 48
    CHAR      shift, and go to state 49
    FLOAT     shift, and go to state 50
    LP        shift, and go to state 51
    LB        shift, and go to state 52
    LC        shift, and go to state 23
    SEMI      shift, and go to state 53
    MINUS     shift, and go to state 54
    NOT       shift, and go to state 55
    IF        shift, and go to state 56
    WHILE     shift, and go to state 57
    RETURN    shift, and go to state 58
    FOR       shift, and go to state 59
    AUTOADD   shift, and go to state 60
    AUTOSUB   shift, and go to state 61
    BREAK     shift, and go to state 62
    CONTINUE  shift, and go to state 63

    CompSt  转到状态 64
    Stmt    转到状态 150
    Exp     转到状态 67


State 142

   42 FORDEC: SEMI SEMI . FOREXP3
   43       | SEMI SEMI .

    INT      shift, and go to state 47
    ID       shift, and go to state 48
    CHAR     shift, and go to state 49
    FLOAT    shift, and go to state 50
    LP       shift, and go to state 51
    LB       shift, and go to state 52
    MINUS    shift, and go to state 54
    NOT      shift, and go to state 55
    AUTOADD  shift, and go to state 60
    AUTOSUB  shift, and go to state 61

    $default  reduce using rule 43 (FORDEC)

    FOREXP3  转到状态 151
    Exp      转到状态 152


State 143

   40 FORDEC: SEMI FOREXP2 . SEMI FOREXP3
   41       | SEMI FOREXP2 . SEMI

    SEMI  shift, and go to state 153


State 144

   46 FOREXP2: Exp . COMMA FOREXP2
   47        | Exp .
   58 Exp: Exp . ASSIGNOP Exp
   59    | Exp . AND Exp
   60    | Exp . OR Exp
   61    | Exp . RELOP Exp
   62    | Exp . PLUS Exp
   63    | Exp . MINUS Exp
   64    | Exp . STAR Exp
   65    | Exp . DIV Exp
   66    | Exp . MOD Exp
   67    | Exp . COMADD Exp
   68    | Exp . COMSUB Exp
   69    | Exp . COMSTAR Exp
   70    | Exp . COMDIV Exp
   71    | Exp . COMMOD Exp
   76    | Exp . AUTOADD
   78    | Exp . AUTOSUB
   82    | Exp . LB Exp RB

    RELOP     shift, and go to state 90
    LB        shift, and go to state 91
    COMMA     shift, and go to state 154
    COMADD    shift, and go to state 93
    COMSUB    shift, and go to state 94
    COMSTAR   shift, and go to state 95
    COMDIV    shift, and go to state 96
    COMMOD    shift, and go to state 97
    PLUS      shift, and go to state 98
    MINUS     shift, and go to state 99
    STAR      shift, and go to state 100
    DIV       shift, and go to state 101
    MOD       shift, and go to state 102
    ASSIGNOP  shift, and go to state 103
    AND       shift, and go to state 104
    OR        shift, and go to state 105
    AUTOADD   shift, and go to state 106
    AUTOSUB   shift, and go to state 107

    $default  reduce using rule 47 (FOREXP2)


State 145

   45 FOREXP1: Specifier DecList .

    $default  reduce using rule 45 (FOREXP1)


State 146

   32 Stmt: FOR LP FORDEC RP . Stmt

    error     shift, and go to state 22
    INT       shift, and go to state 47
    ID        shift, and go to state 48
    CHAR      shift, and go to state 49
    FLOAT     shift, and go to state 50
    LP        shift, and go to state 51
    LB        shift, and go to state 52
    LC        shift, and go to state 23
    SEMI      shift, and go to state 53
    MINUS     shift, and go to state 54
    NOT       shift, and go to state 55
    IF        shift, and go to state 56
    WHILE     shift, and go to state 57
    RETURN    shift, and go to state 58
    FOR       shift, and go to state 59
    AUTOADD   shift, and go to state 60
    AUTOSUB   shift, and go to state 61
    BREAK     shift, and go to state 62
    CONTINUE  shift, and go to state 63

    CompSt  转到状态 64
    Stmt    转到状态 155
    Exp     转到状态 67


State 147

   36 FORDEC: FOREXP1 SEMI . FOREXP2 SEMI FOREXP3
   37       | FOREXP1 SEMI . SEMI FOREXP3
   38       | FOREXP1 SEMI . FOREXP2 SEMI
   39       | FOREXP1 SEMI . SEMI

    INT      shift, and go to state 47
    ID       shift, and go to state 48
    CHAR     shift, and go to state 49
    FLOAT    shift, and go to state 50
    LP       shift, and go to state 51
    LB       shift, and go to state 52
    SEMI     shift, and go to state 156
    MINUS    shift, and go to state 54
    NOT      shift, and go to state 55
    AUTOADD  shift, and go to state 60
    AUTOSUB  shift, and go to state 61

    FOREXP2  转到状态 157
    Exp      转到状态 144


State 148

   82 Exp: Exp LB Exp RB .

    $default  reduce using rule 82 (Exp)


State 149

   29 Stmt: IF LP Exp RP Stmt .
   30     | IF LP Exp RP Stmt . ELSE Stmt

    ELSE  shift, and go to state 158

    $default  reduce using rule 29 (Stmt)


State 150

   31 Stmt: WHILE LP Exp RP Stmt .

    $default  reduce using rule 31 (Stmt)


State 151

   42 FORDEC: SEMI SEMI FOREXP3 .

    $default  reduce using rule 42 (FORDEC)


State 152

   48 FOREXP3: Exp . COMMA FOREXP3
   49        | Exp .
   58 Exp: Exp . ASSIGNOP Exp
   59    | Exp . AND Exp
   60    | Exp . OR Exp
   61    | Exp . RELOP Exp
   62    | Exp . PLUS Exp
   63    | Exp . MINUS Exp
   64    | Exp . STAR Exp
   65    | Exp . DIV Exp
   66    | Exp . MOD Exp
   67    | Exp . COMADD Exp
   68    | Exp . COMSUB Exp
   69    | Exp . COMSTAR Exp
   70    | Exp . COMDIV Exp
   71    | Exp . COMMOD Exp
   76    | Exp . AUTOADD
   78    | Exp . AUTOSUB
   82    | Exp . LB Exp RB

    RELOP     shift, and go to state 90
    LB        shift, and go to state 91
    COMMA     shift, and go to state 159
    COMADD    shift, and go to state 93
    COMSUB    shift, and go to state 94
    COMSTAR   shift, and go to state 95
    COMDIV    shift, and go to state 96
    COMMOD    shift, and go to state 97
    PLUS      shift, and go to state 98
    MINUS     shift, and go to state 99
    STAR      shift, and go to state 100
    DIV       shift, and go to state 101
    MOD       shift, and go to state 102
    ASSIGNOP  shift, and go to state 103
    AND       shift, and go to state 104
    OR        shift, and go to state 105
    AUTOADD   shift, and go to state 106
    AUTOSUB   shift, and go to state 107

    $default  reduce using rule 49 (FOREXP3)


State 153

   40 FORDEC: SEMI FOREXP2 SEMI . FOREXP3
   41       | SEMI FOREXP2 SEMI .

    INT      shift, and go to state 47
    ID       shift, and go to state 48
    CHAR     shift, and go to state 49
    FLOAT    shift, and go to state 50
    LP       shift, and go to state 51
    LB       shift, and go to state 52
    MINUS    shift, and go to state 54
    NOT      shift, and go to state 55
    AUTOADD  shift, and go to state 60
    AUTOSUB  shift, and go to state 61

    $default  reduce using rule 41 (FORDEC)

    FOREXP3  转到状态 160
    Exp      转到状态 152


State 154

   46 FOREXP2: Exp COMMA . FOREXP2

    INT      shift, and go to state 47
    ID       shift, and go to state 48
    CHAR     shift, and go to state 49
    FLOAT    shift, and go to state 50
    LP       shift, and go to state 51
    LB       shift, and go to state 52
    MINUS    shift, and go to state 54
    NOT      shift, and go to state 55
    AUTOADD  shift, and go to state 60
    AUTOSUB  shift, and go to state 61

    FOREXP2  转到状态 161
    Exp      转到状态 144


State 155

   32 Stmt: FOR LP FORDEC RP Stmt .

    $default  reduce using rule 32 (Stmt)


State 156

   37 FORDEC: FOREXP1 SEMI SEMI . FOREXP3
   39       | FOREXP1 SEMI SEMI .

    INT      shift, and go to state 47
    ID       shift, and go to state 48
    CHAR     shift, and go to state 49
    FLOAT    shift, and go to state 50
    LP       shift, and go to state 51
    LB       shift, and go to state 52
    MINUS    shift, and go to state 54
    NOT      shift, and go to state 55
    AUTOADD  shift, and go to state 60
    AUTOSUB  shift, and go to state 61

    $default  reduce using rule 39 (FORDEC)

    FOREXP3  转到状态 162
    Exp      转到状态 152


State 157

   36 FORDEC: FOREXP1 SEMI FOREXP2 . SEMI FOREXP3
   38       | FOREXP1 SEMI FOREXP2 . SEMI

    SEMI  shift, and go to state 163


State 158

   30 Stmt: IF LP Exp RP Stmt ELSE . Stmt

    error     shift, and go to state 22
    INT       shift, and go to state 47
    ID        shift, and go to state 48
    CHAR      shift, and go to state 49
    FLOAT     shift, and go to state 50
    LP        shift, and go to state 51
    LB        shift, and go to state 52
    LC        shift, and go to state 23
    SEMI      shift, and go to state 53
    MINUS     shift, and go to state 54
    NOT       shift, and go to state 55
    IF        shift, and go to state 56
    WHILE     shift, and go to state 57
    RETURN    shift, and go to state 58
    FOR       shift, and go to state 59
    AUTOADD   shift, and go to state 60
    AUTOSUB   shift, and go to state 61
    BREAK     shift, and go to state 62
    CONTINUE  shift, and go to state 63

    CompSt  转到状态 64
    Stmt    转到状态 164
    Exp     转到状态 67


State 159

   48 FOREXP3: Exp COMMA . FOREXP3

    INT      shift, and go to state 47
    ID       shift, and go to state 48
    CHAR     shift, and go to state 49
    FLOAT    shift, and go to state 50
    LP       shift, and go to state 51
    LB       shift, and go to state 52
    MINUS    shift, and go to state 54
    NOT      shift, and go to state 55
    AUTOADD  shift, and go to state 60
    AUTOSUB  shift, and go to state 61

    FOREXP3  转到状态 165
    Exp      转到状态 152


State 160

   40 FORDEC: SEMI FOREXP2 SEMI FOREXP3 .

    $default  reduce using rule 40 (FORDEC)


State 161

   46 FOREXP2: Exp COMMA FOREXP2 .

    $default  reduce using rule 46 (FOREXP2)


State 162

   37 FORDEC: FOREXP1 SEMI SEMI FOREXP3 .

    $default  reduce using rule 37 (FORDEC)


State 163

   36 FORDEC: FOREXP1 SEMI FOREXP2 SEMI . FOREXP3
   38       | FOREXP1 SEMI FOREXP2 SEMI .

    INT      shift, and go to state 47
    ID       shift, and go to state 48
    CHAR     shift, and go to state 49
    FLOAT    shift, and go to state 50
    LP       shift, and go to state 51
    LB       shift, and go to state 52
    MINUS    shift, and go to state 54
    NOT      shift, and go to state 55
    AUTOADD  shift, and go to state 60
    AUTOSUB  shift, and go to state 61

    $default  reduce using rule 38 (FORDEC)

    FOREXP3  转到状态 166
    Exp      转到状态 152


State 164

   30 Stmt: IF LP Exp RP Stmt ELSE Stmt .

    $default  reduce using rule 30 (Stmt)


State 165

   48 FOREXP3: Exp COMMA FOREXP3 .

    $default  reduce using rule 48 (FOREXP3)


State 166

   36 FORDEC: FOREXP1 SEMI FOREXP2 SEMI FOREXP3 .

    $default  reduce using rule 36 (FORDEC)
