Terminals unused in grammar

   SWITCH
   CASE
   COLON
   DEFAULT
   EXT_DEF_LIST
   EXT_VAR_DEF
   FUNC_DEF
   FUNC_DEC
   EXT_DEC_LIST
   PARAM_LIST
   PARAM_DEC
   VAR_DEF
   DEC_LIST
   DEF_LIST
   COMP_STM
   STM_LIST
   EXP_STMT
   IF_THEN
   IF_THEN_ELSE
   FUNC_CALL
   ARGS
   FUNCTION
   PARAM
   ARG
   CALL
   LABEL
   GOTO
   JLT
   JLE
   JGT
   JGE
   EQ
   NEQ
   ARRAY_DEC
   FOR_DEC
   CONTINUE_NODE
   BREAK_NODE
   BLANK
   ARRAY_DF
   FOR_EXP1
   FOR_EXP2
   FOR_EXP3
   FOR_NODE
   ARRAY_CALL
   DPLUS


语法

    0 $accept: program $end

    1 program: ExtDefList

    2 ExtDefList: %empty
    3           | ExtDef ExtDefList

    4 ExtDef: Specifier ExtDecList SEMI
    5       | Specifier FuncDec CompSt
    6       | error SEMI

    7 Specifier: TYPE

    8 ExtDecList: VarDec
    9           | VarDec COMMA ExtDecList

   10 VarDec: ID
   11       | ID ArrayDec

   12 ArrayDec: LB INDEX RB
   13         | LB INDEX RB ArrayDec
   14         | error RB

   15 INDEX: INT

   16 FuncDec: ID LP VarList RP
   17        | ID LP RP
   18        | error RP

   19 VarList: ParamDec
   20        | ParamDec COMMA VarList

   21 ParamDec: Specifier VarDec

   22 CompSt: LC DefList StmList RC

   23 StmList: %empty
   24        | Stmt StmList

   25 Stmt: Exp SEMI
   26     | CompSt
   27     | RETURN Exp SEMI
   28     | IF LP Exp RP Stmt
   29     | IF LP Exp RP Stmt ELSE Stmt
   30     | WHILE LP Exp RP Stmt
   31     | FOR LP FORDEC RP Stmt
   32     | BREAK SEMI
   33     | CONTINUE SEMI
   34     | SEMI

   35 FORDEC: FOREXP1 SEMI FOREXP2 SEMI FOREXP3
   36       | FOREXP1 SEMI SEMI FOREXP3
   37       | FOREXP1 SEMI FOREXP2 SEMI
   38       | FOREXP1 SEMI SEMI
   39       | SEMI FOREXP2 SEMI FOREXP3
   40       | SEMI FOREXP2 SEMI
   41       | SEMI SEMI FOREXP3
   42       | SEMI SEMI

   43 FOREXP1: DecList
   44        | Specifier DecList

   45 FOREXP2: Exp COMMA FOREXP2
   46        | Exp

   47 FOREXP3: Exp COMMA FOREXP3
   48        | Exp

   49 DefList: %empty
   50        | Def DefList
   51        | error SEMI

   52 Def: Specifier DecList SEMI

   53 DecList: Dec
   54        | Dec COMMA DecList

   55 Dec: VarDec
   56    | VarDec ASSIGNOP Exp

   57 Exp: Exp ASSIGNOP Exp
   58    | Exp AND Exp
   59    | Exp OR Exp
   60    | Exp RELOP Exp
   61    | Exp PLUS Exp
   62    | Exp MINUS Exp
   63    | Exp STAR Exp
   64    | Exp DIV Exp
   65    | Exp MOD Exp
   66    | Exp COMADD Exp
   67    | Exp COMSUB Exp
   68    | Exp COMSTAR Exp
   69    | Exp COMDIV Exp
   70    | Exp COMMOD Exp
   71    | LP Exp RP
   72    | MINUS Exp
   73    | NOT Exp
   74    | AUTOADD Exp
   75    | Exp AUTOADD
   76    | AUTOSUB Exp
   77    | Exp AUTOSUB
   78    | LB Args RB
   79    | ID LP Args RP
   80    | ID LP RP
   81    | Exp LB Exp RB
   82    | ID
   83    | INT
   84    | FLOAT
   85    | CHAR

   86 Args: Exp COMMA Args
   87     | Exp


Terminals, with rules where they appear

$end (0) 0
error (256) 6 14 18 51
INT (258) 15 83
ID (259) 10 11 16 17 79 80 82
RELOP (260) 60
TYPE (261) 7
CHAR (262) 85
FLOAT (263) 84
LP (264) 16 17 28 29 30 31 71 79 80
RP (265) 16 17 18 28 29 30 31 71 79 80
LB (266) 12 13 78 81
RB (267) 12 13 14 78 81
LC (268) 22
RC (269) 22
SEMI (270) 4 6 25 27 32 33 34 35 36 37 38 39 40 41 42 51 52
COMMA (271) 9 20 45 47 54 86
COMADD (272) 66
COMSUB (273) 67
COMSTAR (274) 68
COMDIV (275) 69
COMMOD (276) 70
PLUS (277) 61
MINUS (278) 62 72
STAR (279) 63
DIV (280) 64
MOD (281) 65
ASSIGNOP (282) 56 57
AND (283) 58
OR (284) 59
NOT (285) 73
IF (286) 28 29
ELSE (287) 29
WHILE (288) 30
RETURN (289) 27
FOR (290) 31
SWITCH (291)
CASE (292)
COLON (293)
DEFAULT (294)
AUTOADD (295) 74 75
AUTOSUB (296) 76 77
BREAK (297) 32
CONTINUE (298) 33
EXT_DEF_LIST (299)
EXT_VAR_DEF (300)
FUNC_DEF (301)
FUNC_DEC (302)
EXT_DEC_LIST (303)
PARAM_LIST (304)
PARAM_DEC (305)
VAR_DEF (306)
DEC_LIST (307)
DEF_LIST (308)
COMP_STM (309)
STM_LIST (310)
EXP_STMT (311)
IF_THEN (312)
IF_THEN_ELSE (313)
FUNC_CALL (314)
ARGS (315)
FUNCTION (316)
PARAM (317)
ARG (318)
CALL (319)
LABEL (320)
GOTO (321)
JLT (322)
JLE (323)
JGT (324)
JGE (325)
EQ (326)
NEQ (327)
ARRAY_DEC (328)
FOR_DEC (329)
CONTINUE_NODE (330)
BREAK_NODE (331)
BLANK (332)
ARRAY_DF (333)
FOR_EXP1 (334)
FOR_EXP2 (335)
FOR_EXP3 (336)
FOR_NODE (337)
ARRAY_CALL (338)
UMINUS (339)
DPLUS (340)
LOWER_THEN_ELSE (341)


Nonterminals, with rules where they appear

$accept (87)
    左： 0
program (88)
    左： 1, 右： 0
ExtDefList (89)
    左： 2 3, 右： 1 3
ExtDef (90)
    左： 4 5 6, 右： 3
Specifier (91)
    左： 7, 右： 4 5 21 44 52
ExtDecList (92)
    左： 8 9, 右： 4 9
VarDec (93)
    左： 10 11, 右： 8 9 21 55 56
ArrayDec (94)
    左： 12 13 14, 右： 11 13
INDEX (95)
    左： 15, 右： 12 13
FuncDec (96)
    左： 16 17 18, 右： 5
VarList (97)
    左： 19 20, 右： 16 20
ParamDec (98)
    左： 21, 右： 19 20
CompSt (99)
    左： 22, 右： 5 26
StmList (100)
    左： 23 24, 右： 22 24
Stmt (101)
    左： 25 26 27 28 29 30 31 32 33 34, 右： 24 28 29 30 31
FORDEC (102)
    左： 35 36 37 38 39 40 41 42, 右： 31
FOREXP1 (103)
    左： 43 44, 右： 35 36 37 38
FOREXP2 (104)
    左： 45 46, 右： 35 37 39 40 45
FOREXP3 (105)
    左： 47 48, 右： 35 36 39 41 47
DefList (106)
    左： 49 50 51, 右： 22 50
Def (107)
    左： 52, 右： 50
DecList (108)
    左： 53 54, 右： 43 44 52 54
Dec (109)
    左： 55 56, 右： 53 54
Exp (110)
    左： 57 58 59 60 61 62 63 64 65 66 67 68 69 70 71 72 73 74 75
    76 77 78 79 80 81 82 83 84 85, 右： 25 27 28 29 30 45 46 47 48
    56 57 58 59 60 61 62 63 64 65 66 67 68 69 70 71 72 73 74 75 76
    77 81 86 87
Args (111)
    左： 86 87, 右： 78 79 86


State 0

    0 $accept: . program $end

    error  shift, and go to state 1
    TYPE   shift, and go to state 2

    $end  reduce using rule 2 (ExtDefList)

    program     转到状态 3
    ExtDefList  转到状态 4
    ExtDef      转到状态 5
    Specifier   转到状态 6


State 1

    6 ExtDef: error . SEMI

    SEMI  shift, and go to state 7


State 2

    7 Specifier: TYPE .

    $default  reduce using rule 7 (Specifier)


State 3

    0 $accept: program . $end

    $end  shift, and go to state 8


State 4

    1 program: ExtDefList .

    $default  reduce using rule 1 (program)


State 5

    3 ExtDefList: ExtDef . ExtDefList

    error  shift, and go to state 1
    TYPE   shift, and go to state 2

    $end  reduce using rule 2 (ExtDefList)

    ExtDefList  转到状态 9
    ExtDef      转到状态 5
    Specifier   转到状态 6


State 6

    4 ExtDef: Specifier . ExtDecList SEMI
    5       | Specifier . FuncDec CompSt

    error  shift, and go to state 10
    ID     shift, and go to state 11

    ExtDecList  转到状态 12
    VarDec      转到状态 13
    FuncDec     转到状态 14


State 7

    6 ExtDef: error SEMI .

    $default  reduce using rule 6 (ExtDef)


State 8

    0 $accept: program $end .

    $default  接受


State 9

    3 ExtDefList: ExtDef ExtDefList .

    $default  reduce using rule 3 (ExtDefList)


State 10

   18 FuncDec: error . RP

    RP  shift, and go to state 15


State 11

   10 VarDec: ID .
   11       | ID . ArrayDec
   16 FuncDec: ID . LP VarList RP
   17        | ID . LP RP

    error  shift, and go to state 16
    LP     shift, and go to state 17
    LB     shift, and go to state 18

    SEMI   reduce using rule 10 (VarDec)
    COMMA  reduce using rule 10 (VarDec)

    ArrayDec  转到状态 19


State 12

    4 ExtDef: Specifier ExtDecList . SEMI

    SEMI  shift, and go to state 20


State 13

    8 ExtDecList: VarDec .
    9           | VarDec . COMMA ExtDecList

    COMMA  shift, and go to state 21

    $default  reduce using rule 8 (ExtDecList)


State 14

    5 ExtDef: Specifier FuncDec . CompSt

    LC  shift, and go to state 22

    CompSt  转到状态 23


State 15

   18 FuncDec: error RP .

    $default  reduce using rule 18 (FuncDec)


State 16

   14 ArrayDec: error . RB

    RB  shift, and go to state 24


State 17

   16 FuncDec: ID LP . VarList RP
   17        | ID LP . RP

    TYPE  shift, and go to state 2
    RP    shift, and go to state 25

    Specifier  转到状态 26
    VarList    转到状态 27
    ParamDec   转到状态 28


State 18

   12 ArrayDec: LB . INDEX RB
   13         | LB . INDEX RB ArrayDec

    INT  shift, and go to state 29

    INDEX  转到状态 30


State 19

   11 VarDec: ID ArrayDec .

    $default  reduce using rule 11 (VarDec)


State 20

    4 ExtDef: Specifier ExtDecList SEMI .

    $default  reduce using rule 4 (ExtDef)


State 21

    9 ExtDecList: VarDec COMMA . ExtDecList

    ID  shift, and go to state 31

    ExtDecList  转到状态 32
    VarDec      转到状态 13


State 22

   22 CompSt: LC . DefList StmList RC

    error  shift, and go to state 33
    TYPE   shift, and go to state 2

    INT       reduce using rule 49 (DefList)
    ID        reduce using rule 49 (DefList)
    CHAR      reduce using rule 49 (DefList)
    FLOAT     reduce using rule 49 (DefList)
    LP        reduce using rule 49 (DefList)
    LB        reduce using rule 49 (DefList)
    LC        reduce using rule 49 (DefList)
    RC        reduce using rule 49 (DefList)
    SEMI      reduce using rule 49 (DefList)
    MINUS     reduce using rule 49 (DefList)
    NOT       reduce using rule 49 (DefList)
    IF        reduce using rule 49 (DefList)
    WHILE     reduce using rule 49 (DefList)
    RETURN    reduce using rule 49 (DefList)
    FOR       reduce using rule 49 (DefList)
    AUTOADD   reduce using rule 49 (DefList)
    AUTOSUB   reduce using rule 49 (DefList)
    BREAK     reduce using rule 49 (DefList)
    CONTINUE  reduce using rule 49 (DefList)

    Specifier  转到状态 34
    DefList    转到状态 35
    Def        转到状态 36


State 23

    5 ExtDef: Specifier FuncDec CompSt .

    $default  reduce using rule 5 (ExtDef)


State 24

   14 ArrayDec: error RB .

    $default  reduce using rule 14 (ArrayDec)


State 25

   17 FuncDec: ID LP RP .

    $default  reduce using rule 17 (FuncDec)


State 26

   21 ParamDec: Specifier . VarDec

    ID  shift, and go to state 31

    VarDec  转到状态 37


State 27

   16 FuncDec: ID LP VarList . RP

    RP  shift, and go to state 38


State 28

   19 VarList: ParamDec .
   20        | ParamDec . COMMA VarList

    COMMA  shift, and go to state 39

    $default  reduce using rule 19 (VarList)


State 29

   15 INDEX: INT .

    $default  reduce using rule 15 (INDEX)


State 30

   12 ArrayDec: LB INDEX . RB
   13         | LB INDEX . RB ArrayDec

    RB  shift, and go to state 40


State 31

   10 VarDec: ID .
   11       | ID . ArrayDec

    error  shift, and go to state 16
    LB     shift, and go to state 18

    RP        reduce using rule 10 (VarDec)
    SEMI      reduce using rule 10 (VarDec)
    COMMA     reduce using rule 10 (VarDec)
    ASSIGNOP  reduce using rule 10 (VarDec)

    ArrayDec  转到状态 19


State 32

    9 ExtDecList: VarDec COMMA ExtDecList .

    $default  reduce using rule 9 (ExtDecList)


State 33

   51 DefList: error . SEMI

    SEMI  shift, and go to state 41


State 34

   52 Def: Specifier . DecList SEMI

    ID  shift, and go to state 31

    VarDec   转到状态 42
    DecList  转到状态 43
    Dec      转到状态 44


State 35

   22 CompSt: LC DefList . StmList RC

    INT       shift, and go to state 45
    ID        shift, and go to state 46
    CHAR      shift, and go to state 47
    FLOAT     shift, and go to state 48
    LP        shift, and go to state 49
    LB        shift, and go to state 50
    LC        shift, and go to state 22
    SEMI      shift, and go to state 51
    MINUS     shift, and go to state 52
    NOT       shift, and go to state 53
    IF        shift, and go to state 54
    WHILE     shift, and go to state 55
    RETURN    shift, and go to state 56
    FOR       shift, and go to state 57
    AUTOADD   shift, and go to state 58
    AUTOSUB   shift, and go to state 59
    BREAK     shift, and go to state 60
    CONTINUE  shift, and go to state 61

    $default  reduce using rule 23 (StmList)

    CompSt   转到状态 62
    StmList  转到状态 63
    Stmt     转到状态 64
    Exp      转到状态 65


State 36

   50 DefList: Def . DefList

    error  shift, and go to state 33
    TYPE   shift, and go to state 2

    INT       reduce using rule 49 (DefList)
    ID        reduce using rule 49 (DefList)
    CHAR      reduce using rule 49 (DefList)
    FLOAT     reduce using rule 49 (DefList)
    LP        reduce using rule 49 (DefList)
    LB        reduce using rule 49 (DefList)
    LC        reduce using rule 49 (DefList)
    RC        reduce using rule 49 (DefList)
    SEMI      reduce using rule 49 (DefList)
    MINUS     reduce using rule 49 (DefList)
    NOT       reduce using rule 49 (DefList)
    IF        reduce using rule 49 (DefList)
    WHILE     reduce using rule 49 (DefList)
    RETURN    reduce using rule 49 (DefList)
    FOR       reduce using rule 49 (DefList)
    AUTOADD   reduce using rule 49 (DefList)
    AUTOSUB   reduce using rule 49 (DefList)
    BREAK     reduce using rule 49 (DefList)
    CONTINUE  reduce using rule 49 (DefList)

    Specifier  转到状态 34
    DefList    转到状态 66
    Def        转到状态 36


State 37

   21 ParamDec: Specifier VarDec .

    $default  reduce using rule 21 (ParamDec)


State 38

   16 FuncDec: ID LP VarList RP .

    $default  reduce using rule 16 (FuncDec)


State 39

   20 VarList: ParamDec COMMA . VarList

    TYPE  shift, and go to state 2

    Specifier  转到状态 26
    VarList    转到状态 67
    ParamDec   转到状态 28


State 40

   12 ArrayDec: LB INDEX RB .
   13         | LB INDEX RB . ArrayDec

    error  shift, and go to state 16
    LB     shift, and go to state 18

    RP        reduce using rule 12 (ArrayDec)
    SEMI      reduce using rule 12 (ArrayDec)
    COMMA     reduce using rule 12 (ArrayDec)
    ASSIGNOP  reduce using rule 12 (ArrayDec)

    ArrayDec  转到状态 68


State 41

   51 DefList: error SEMI .

    $default  reduce using rule 51 (DefList)


State 42

   55 Dec: VarDec .
   56    | VarDec . ASSIGNOP Exp

    ASSIGNOP  shift, and go to state 69

    $default  reduce using rule 55 (Dec)


State 43

   52 Def: Specifier DecList . SEMI

    SEMI  shift, and go to state 70


State 44

   53 DecList: Dec .
   54        | Dec . COMMA DecList

    COMMA  shift, and go to state 71

    $default  reduce using rule 53 (DecList)


State 45

   83 Exp: INT .

    $default  reduce using rule 83 (Exp)


State 46

   79 Exp: ID . LP Args RP
   80    | ID . LP RP
   82    | ID .

    LP  shift, and go to state 72

    $default  reduce using rule 82 (Exp)


State 47

   85 Exp: CHAR .

    $default  reduce using rule 85 (Exp)


State 48

   84 Exp: FLOAT .

    $default  reduce using rule 84 (Exp)


State 49

   71 Exp: LP . Exp RP

    INT      shift, and go to state 45
    ID       shift, and go to state 46
    CHAR     shift, and go to state 47
    FLOAT    shift, and go to state 48
    LP       shift, and go to state 49
    LB       shift, and go to state 50
    MINUS    shift, and go to state 52
    NOT      shift, and go to state 53
    AUTOADD  shift, and go to state 58
    AUTOSUB  shift, and go to state 59

    Exp  转到状态 73


State 50

   78 Exp: LB . Args RB

    INT      shift, and go to state 45
    ID       shift, and go to state 46
    CHAR     shift, and go to state 47
    FLOAT    shift, and go to state 48
    LP       shift, and go to state 49
    LB       shift, and go to state 50
    MINUS    shift, and go to state 52
    NOT      shift, and go to state 53
    AUTOADD  shift, and go to state 58
    AUTOSUB  shift, and go to state 59

    Exp   转到状态 74
    Args  转到状态 75


State 51

   34 Stmt: SEMI .

    $default  reduce using rule 34 (Stmt)


State 52

   72 Exp: MINUS . Exp

    INT      shift, and go to state 45
    ID       shift, and go to state 46
    CHAR     shift, and go to state 47
    FLOAT    shift, and go to state 48
    LP       shift, and go to state 49
    LB       shift, and go to state 50
    MINUS    shift, and go to state 52
    NOT      shift, and go to state 53
    AUTOADD  shift, and go to state 58
    AUTOSUB  shift, and go to state 59

    Exp  转到状态 76


State 53

   73 Exp: NOT . Exp

    INT      shift, and go to state 45
    ID       shift, and go to state 46
    CHAR     shift, and go to state 47
    FLOAT    shift, and go to state 48
    LP       shift, and go to state 49
    LB       shift, and go to state 50
    MINUS    shift, and go to state 52
    NOT      shift, and go to state 53
    AUTOADD  shift, and go to state 58
    AUTOSUB  shift, and go to state 59

    Exp  转到状态 77


State 54

   28 Stmt: IF . LP Exp RP Stmt
   29     | IF . LP Exp RP Stmt ELSE Stmt

    LP  shift, and go to state 78


State 55

   30 Stmt: WHILE . LP Exp RP Stmt

    LP  shift, and go to state 79


State 56

   27 Stmt: RETURN . Exp SEMI

    INT      shift, and go to state 45
    ID       shift, and go to state 46
    CHAR     shift, and go to state 47
    FLOAT    shift, and go to state 48
    LP       shift, and go to state 49
    LB       shift, and go to state 50
    MINUS    shift, and go to state 52
    NOT      shift, and go to state 53
    AUTOADD  shift, and go to state 58
    AUTOSUB  shift, and go to state 59

    Exp  转到状态 80


State 57

   31 Stmt: FOR . LP FORDEC RP Stmt

    LP  shift, and go to state 81


State 58

   74 Exp: AUTOADD . Exp

    INT      shift, and go to state 45
    ID       shift, and go to state 46
    CHAR     shift, and go to state 47
    FLOAT    shift, and go to state 48
    LP       shift, and go to state 49
    LB       shift, and go to state 50
    MINUS    shift, and go to state 52
    NOT      shift, and go to state 53
    AUTOADD  shift, and go to state 58
    AUTOSUB  shift, and go to state 59

    Exp  转到状态 82


State 59

   76 Exp: AUTOSUB . Exp

    INT      shift, and go to state 45
    ID       shift, and go to state 46
    CHAR     shift, and go to state 47
    FLOAT    shift, and go to state 48
    LP       shift, and go to state 49
    LB       shift, and go to state 50
    MINUS    shift, and go to state 52
    NOT      shift, and go to state 53
    AUTOADD  shift, and go to state 58
    AUTOSUB  shift, and go to state 59

    Exp  转到状态 83


State 60

   32 Stmt: BREAK . SEMI

    SEMI  shift, and go to state 84


State 61

   33 Stmt: CONTINUE . SEMI

    SEMI  shift, and go to state 85


State 62

   26 Stmt: CompSt .

    $default  reduce using rule 26 (Stmt)


State 63

   22 CompSt: LC DefList StmList . RC

    RC  shift, and go to state 86


State 64

   24 StmList: Stmt . StmList

    INT       shift, and go to state 45
    ID        shift, and go to state 46
    CHAR      shift, and go to state 47
    FLOAT     shift, and go to state 48
    LP        shift, and go to state 49
    LB        shift, and go to state 50
    LC        shift, and go to state 22
    SEMI      shift, and go to state 51
    MINUS     shift, and go to state 52
    NOT       shift, and go to state 53
    IF        shift, and go to state 54
    WHILE     shift, and go to state 55
    RETURN    shift, and go to state 56
    FOR       shift, and go to state 57
    AUTOADD   shift, and go to state 58
    AUTOSUB   shift, and go to state 59
    BREAK     shift, and go to state 60
    CONTINUE  shift, and go to state 61

    $default  reduce using rule 23 (StmList)

    CompSt   转到状态 62
    StmList  转到状态 87
    Stmt     转到状态 64
    Exp      转到状态 65


State 65

   25 Stmt: Exp . SEMI
   57 Exp: Exp . ASSIGNOP Exp
   58    | Exp . AND Exp
   59    | Exp . OR Exp
   60    | Exp . RELOP Exp
   61    | Exp . PLUS Exp
   62    | Exp . MINUS Exp
   63    | Exp . STAR Exp
   64    | Exp . DIV Exp
   65    | Exp . MOD Exp
   66    | Exp . COMADD Exp
   67    | Exp . COMSUB Exp
   68    | Exp . COMSTAR Exp
   69    | Exp . COMDIV Exp
   70    | Exp . COMMOD Exp
   75    | Exp . AUTOADD
   77    | Exp . AUTOSUB
   81    | Exp . LB Exp RB

    RELOP     shift, and go to state 88
    LB        shift, and go to state 89
    SEMI      shift, and go to state 90
    COMADD    shift, and go to state 91
    COMSUB    shift, and go to state 92
    COMSTAR   shift, and go to state 93
    COMDIV    shift, and go to state 94
    COMMOD    shift, and go to state 95
    PLUS      shift, and go to state 96
    MINUS     shift, and go to state 97
    STAR      shift, and go to state 98
    DIV       shift, and go to state 99
    MOD       shift, and go to state 100
    ASSIGNOP  shift, and go to state 101
    AND       shift, and go to state 102
    OR        shift, and go to state 103
    AUTOADD   shift, and go to state 104
    AUTOSUB   shift, and go to state 105


State 66

   50 DefList: Def DefList .

    $default  reduce using rule 50 (DefList)


State 67

   20 VarList: ParamDec COMMA VarList .

    $default  reduce using rule 20 (VarList)


State 68

   13 ArrayDec: LB INDEX RB ArrayDec .

    $default  reduce using rule 13 (ArrayDec)


State 69

   56 Dec: VarDec ASSIGNOP . Exp

    INT      shift, and go to state 45
    ID       shift, and go to state 46
    CHAR     shift, and go to state 47
    FLOAT    shift, and go to state 48
    LP       shift, and go to state 49
    LB       shift, and go to state 50
    MINUS    shift, and go to state 52
    NOT      shift, and go to state 53
    AUTOADD  shift, and go to state 58
    AUTOSUB  shift, and go to state 59

    Exp  转到状态 106


State 70

   52 Def: Specifier DecList SEMI .

    $default  reduce using rule 52 (Def)


State 71

   54 DecList: Dec COMMA . DecList

    ID  shift, and go to state 31

    VarDec   转到状态 42
    DecList  转到状态 107
    Dec      转到状态 44


State 72

   79 Exp: ID LP . Args RP
   80    | ID LP . RP

    INT      shift, and go to state 45
    ID       shift, and go to state 46
    CHAR     shift, and go to state 47
    FLOAT    shift, and go to state 48
    LP       shift, and go to state 49
    RP       shift, and go to state 108
    LB       shift, and go to state 50
    MINUS    shift, and go to state 52
    NOT      shift, and go to state 53
    AUTOADD  shift, and go to state 58
    AUTOSUB  shift, and go to state 59

    Exp   转到状态 74
    Args  转到状态 109


State 73

   57 Exp: Exp . ASSIGNOP Exp
   58    | Exp . AND Exp
   59    | Exp . OR Exp
   60    | Exp . RELOP Exp
   61    | Exp . PLUS Exp
   62    | Exp . MINUS Exp
   63    | Exp . STAR Exp
   64    | Exp . DIV Exp
   65    | Exp . MOD Exp
   66    | Exp . COMADD Exp
   67    | Exp . COMSUB Exp
   68    | Exp . COMSTAR Exp
   69    | Exp . COMDIV Exp
   70    | Exp . COMMOD Exp
   71    | LP Exp . RP
   75    | Exp . AUTOADD
   77    | Exp . AUTOSUB
   81    | Exp . LB Exp RB

    RELOP     shift, and go to state 88
    RP        shift, and go to state 110
    LB        shift, and go to state 89
    COMADD    shift, and go to state 91
    COMSUB    shift, and go to state 92
    COMSTAR   shift, and go to state 93
    COMDIV    shift, and go to state 94
    COMMOD    shift, and go to state 95
    PLUS      shift, and go to state 96
    MINUS     shift, and go to state 97
    STAR      shift, and go to state 98
    DIV       shift, and go to state 99
    MOD       shift, and go to state 100
    ASSIGNOP  shift, and go to state 101
    AND       shift, and go to state 102
    OR        shift, and go to state 103
    AUTOADD   shift, and go to state 104
    AUTOSUB   shift, and go to state 105


State 74

   57 Exp: Exp . ASSIGNOP Exp
   58    | Exp . AND Exp
   59    | Exp . OR Exp
   60    | Exp . RELOP Exp
   61    | Exp . PLUS Exp
   62    | Exp . MINUS Exp
   63    | Exp . STAR Exp
   64    | Exp . DIV Exp
   65    | Exp . MOD Exp
   66    | Exp . COMADD Exp
   67    | Exp . COMSUB Exp
   68    | Exp . COMSTAR Exp
   69    | Exp . COMDIV Exp
   70    | Exp . COMMOD Exp
   75    | Exp . AUTOADD
   77    | Exp . AUTOSUB
   81    | Exp . LB Exp RB
   86 Args: Exp . COMMA Args
   87     | Exp .

    RELOP     shift, and go to state 88
    LB        shift, and go to state 89
    COMMA     shift, and go to state 111
    COMADD    shift, and go to state 91
    COMSUB    shift, and go to state 92
    COMSTAR   shift, and go to state 93
    COMDIV    shift, and go to state 94
    COMMOD    shift, and go to state 95
    PLUS      shift, and go to state 96
    MINUS     shift, and go to state 97
    STAR      shift, and go to state 98
    DIV       shift, and go to state 99
    MOD       shift, and go to state 100
    ASSIGNOP  shift, and go to state 101
    AND       shift, and go to state 102
    OR        shift, and go to state 103
    AUTOADD   shift, and go to state 104
    AUTOSUB   shift, and go to state 105

    $default  reduce using rule 87 (Args)


State 75

   78 Exp: LB Args . RB

    RB  shift, and go to state 112


State 76

   57 Exp: Exp . ASSIGNOP Exp
   58    | Exp . AND Exp
   59    | Exp . OR Exp
   60    | Exp . RELOP Exp
   61    | Exp . PLUS Exp
   62    | Exp . MINUS Exp
   63    | Exp . STAR Exp
   64    | Exp . DIV Exp
   65    | Exp . MOD Exp
   66    | Exp . COMADD Exp
   67    | Exp . COMSUB Exp
   68    | Exp . COMSTAR Exp
   69    | Exp . COMDIV Exp
   70    | Exp . COMMOD Exp
   72    | MINUS Exp .
   75    | Exp . AUTOADD
   77    | Exp . AUTOSUB
   81    | Exp . LB Exp RB

    LB  shift, and go to state 89

    $default  reduce using rule 72 (Exp)


State 77

   57 Exp: Exp . ASSIGNOP Exp
   58    | Exp . AND Exp
   59    | Exp . OR Exp
   60    | Exp . RELOP Exp
   61    | Exp . PLUS Exp
   62    | Exp . MINUS Exp
   63    | Exp . STAR Exp
   64    | Exp . DIV Exp
   65    | Exp . MOD Exp
   66    | Exp . COMADD Exp
   67    | Exp . COMSUB Exp
   68    | Exp . COMSTAR Exp
   69    | Exp . COMDIV Exp
   70    | Exp . COMMOD Exp
   73    | NOT Exp .
   75    | Exp . AUTOADD
   77    | Exp . AUTOSUB
   81    | Exp . LB Exp RB

    LB  shift, and go to state 89

    $default  reduce using rule 73 (Exp)


State 78

   28 Stmt: IF LP . Exp RP Stmt
   29     | IF LP . Exp RP Stmt ELSE Stmt

    INT      shift, and go to state 45
    ID       shift, and go to state 46
    CHAR     shift, and go to state 47
    FLOAT    shift, and go to state 48
    LP       shift, and go to state 49
    LB       shift, and go to state 50
    MINUS    shift, and go to state 52
    NOT      shift, and go to state 53
    AUTOADD  shift, and go to state 58
    AUTOSUB  shift, and go to state 59

    Exp  转到状态 113


State 79

   30 Stmt: WHILE LP . Exp RP Stmt

    INT      shift, and go to state 45
    ID       shift, and go to state 46
    CHAR     shift, and go to state 47
    FLOAT    shift, and go to state 48
    LP       shift, and go to state 49
    LB       shift, and go to state 50
    MINUS    shift, and go to state 52
    NOT      shift, and go to state 53
    AUTOADD  shift, and go to state 58
    AUTOSUB  shift, and go to state 59

    Exp  转到状态 114


State 80

   27 Stmt: RETURN Exp . SEMI
   57 Exp: Exp . ASSIGNOP Exp
   58    | Exp . AND Exp
   59    | Exp . OR Exp
   60    | Exp . RELOP Exp
   61    | Exp . PLUS Exp
   62    | Exp . MINUS Exp
   63    | Exp . STAR Exp
   64    | Exp . DIV Exp
   65    | Exp . MOD Exp
   66    | Exp . COMADD Exp
   67    | Exp . COMSUB Exp
   68    | Exp . COMSTAR Exp
   69    | Exp . COMDIV Exp
   70    | Exp . COMMOD Exp
   75    | Exp . AUTOADD
   77    | Exp . AUTOSUB
   81    | Exp . LB Exp RB

    RELOP     shift, and go to state 88
    LB        shift, and go to state 89
    SEMI      shift, and go to state 115
    COMADD    shift, and go to state 91
    COMSUB    shift, and go to state 92
    COMSTAR   shift, and go to state 93
    COMDIV    shift, and go to state 94
    COMMOD    shift, and go to state 95
    PLUS      shift, and go to state 96
    MINUS     shift, and go to state 97
    STAR      shift, and go to state 98
    DIV       shift, and go to state 99
    MOD       shift, and go to state 100
    ASSIGNOP  shift, and go to state 101
    AND       shift, and go to state 102
    OR        shift, and go to state 103
    AUTOADD   shift, and go to state 104
    AUTOSUB   shift, and go to state 105


State 81

   31 Stmt: FOR LP . FORDEC RP Stmt

    ID    shift, and go to state 31
    TYPE  shift, and go to state 2
    SEMI  shift, and go to state 116

    Specifier  转到状态 117
    VarDec     转到状态 42
    FORDEC     转到状态 118
    FOREXP1    转到状态 119
    DecList    转到状态 120
    Dec        转到状态 44


State 82

   57 Exp: Exp . ASSIGNOP Exp
   58    | Exp . AND Exp
   59    | Exp . OR Exp
   60    | Exp . RELOP Exp
   61    | Exp . PLUS Exp
   62    | Exp . MINUS Exp
   63    | Exp . STAR Exp
   64    | Exp . DIV Exp
   65    | Exp . MOD Exp
   66    | Exp . COMADD Exp
   67    | Exp . COMSUB Exp
   68    | Exp . COMSTAR Exp
   69    | Exp . COMDIV Exp
   70    | Exp . COMMOD Exp
   74    | AUTOADD Exp .
   75    | Exp . AUTOADD
   77    | Exp . AUTOSUB
   81    | Exp . LB Exp RB

    LB  shift, and go to state 89

    $default  reduce using rule 74 (Exp)


State 83

   57 Exp: Exp . ASSIGNOP Exp
   58    | Exp . AND Exp
   59    | Exp . OR Exp
   60    | Exp . RELOP Exp
   61    | Exp . PLUS Exp
   62    | Exp . MINUS Exp
   63    | Exp . STAR Exp
   64    | Exp . DIV Exp
   65    | Exp . MOD Exp
   66    | Exp . COMADD Exp
   67    | Exp . COMSUB Exp
   68    | Exp . COMSTAR Exp
   69    | Exp . COMDIV Exp
   70    | Exp . COMMOD Exp
   75    | Exp . AUTOADD
   76    | AUTOSUB Exp .
   77    | Exp . AUTOSUB
   81    | Exp . LB Exp RB

    LB  shift, and go to state 89

    $default  reduce using rule 76 (Exp)


State 84

   32 Stmt: BREAK SEMI .

    $default  reduce using rule 32 (Stmt)


State 85

   33 Stmt: CONTINUE SEMI .

    $default  reduce using rule 33 (Stmt)


State 86

   22 CompSt: LC DefList StmList RC .

    $default  reduce using rule 22 (CompSt)


State 87

   24 StmList: Stmt StmList .

    $default  reduce using rule 24 (StmList)


State 88

   60 Exp: Exp RELOP . Exp

    INT      shift, and go to state 45
    ID       shift, and go to state 46
    CHAR     shift, and go to state 47
    FLOAT    shift, and go to state 48
    LP       shift, and go to state 49
    LB       shift, and go to state 50
    MINUS    shift, and go to state 52
    NOT      shift, and go to state 53
    AUTOADD  shift, and go to state 58
    AUTOSUB  shift, and go to state 59

    Exp  转到状态 121


State 89

   81 Exp: Exp LB . Exp RB

    INT      shift, and go to state 45
    ID       shift, and go to state 46
    CHAR     shift, and go to state 47
    FLOAT    shift, and go to state 48
    LP       shift, and go to state 49
    LB       shift, and go to state 50
    MINUS    shift, and go to state 52
    NOT      shift, and go to state 53
    AUTOADD  shift, and go to state 58
    AUTOSUB  shift, and go to state 59

    Exp  转到状态 122


State 90

   25 Stmt: Exp SEMI .

    $default  reduce using rule 25 (Stmt)


State 91

   66 Exp: Exp COMADD . Exp

    INT      shift, and go to state 45
    ID       shift, and go to state 46
    CHAR     shift, and go to state 47
    FLOAT    shift, and go to state 48
    LP       shift, and go to state 49
    LB       shift, and go to state 50
    MINUS    shift, and go to state 52
    NOT      shift, and go to state 53
    AUTOADD  shift, and go to state 58
    AUTOSUB  shift, and go to state 59

    Exp  转到状态 123


State 92

   67 Exp: Exp COMSUB . Exp

    INT      shift, and go to state 45
    ID       shift, and go to state 46
    CHAR     shift, and go to state 47
    FLOAT    shift, and go to state 48
    LP       shift, and go to state 49
    LB       shift, and go to state 50
    MINUS    shift, and go to state 52
    NOT      shift, and go to state 53
    AUTOADD  shift, and go to state 58
    AUTOSUB  shift, and go to state 59

    Exp  转到状态 124


State 93

   68 Exp: Exp COMSTAR . Exp

    INT      shift, and go to state 45
    ID       shift, and go to state 46
    CHAR     shift, and go to state 47
    FLOAT    shift, and go to state 48
    LP       shift, and go to state 49
    LB       shift, and go to state 50
    MINUS    shift, and go to state 52
    NOT      shift, and go to state 53
    AUTOADD  shift, and go to state 58
    AUTOSUB  shift, and go to state 59

    Exp  转到状态 125


State 94

   69 Exp: Exp COMDIV . Exp

    INT      shift, and go to state 45
    ID       shift, and go to state 46
    CHAR     shift, and go to state 47
    FLOAT    shift, and go to state 48
    LP       shift, and go to state 49
    LB       shift, and go to state 50
    MINUS    shift, and go to state 52
    NOT      shift, and go to state 53
    AUTOADD  shift, and go to state 58
    AUTOSUB  shift, and go to state 59

    Exp  转到状态 126


State 95

   70 Exp: Exp COMMOD . Exp

    INT      shift, and go to state 45
    ID       shift, and go to state 46
    CHAR     shift, and go to state 47
    FLOAT    shift, and go to state 48
    LP       shift, and go to state 49
    LB       shift, and go to state 50
    MINUS    shift, and go to state 52
    NOT      shift, and go to state 53
    AUTOADD  shift, and go to state 58
    AUTOSUB  shift, and go to state 59

    Exp  转到状态 127


State 96

   61 Exp: Exp PLUS . Exp

    INT      shift, and go to state 45
    ID       shift, and go to state 46
    CHAR     shift, and go to state 47
    FLOAT    shift, and go to state 48
    LP       shift, and go to state 49
    LB       shift, and go to state 50
    MINUS    shift, and go to state 52
    NOT      shift, and go to state 53
    AUTOADD  shift, and go to state 58
    AUTOSUB  shift, and go to state 59

    Exp  转到状态 128


State 97

   62 Exp: Exp MINUS . Exp

    INT      shift, and go to state 45
    ID       shift, and go to state 46
    CHAR     shift, and go to state 47
    FLOAT    shift, and go to state 48
    LP       shift, and go to state 49
    LB       shift, and go to state 50
    MINUS    shift, and go to state 52
    NOT      shift, and go to state 53
    AUTOADD  shift, and go to state 58
    AUTOSUB  shift, and go to state 59

    Exp  转到状态 129


State 98

   63 Exp: Exp STAR . Exp

    INT      shift, and go to state 45
    ID       shift, and go to state 46
    CHAR     shift, and go to state 47
    FLOAT    shift, and go to state 48
    LP       shift, and go to state 49
    LB       shift, and go to state 50
    MINUS    shift, and go to state 52
    NOT      shift, and go to state 53
    AUTOADD  shift, and go to state 58
    AUTOSUB  shift, and go to state 59

    Exp  转到状态 130


State 99

   64 Exp: Exp DIV . Exp

    INT      shift, and go to state 45
    ID       shift, and go to state 46
    CHAR     shift, and go to state 47
    FLOAT    shift, and go to state 48
    LP       shift, and go to state 49
    LB       shift, and go to state 50
    MINUS    shift, and go to state 52
    NOT      shift, and go to state 53
    AUTOADD  shift, and go to state 58
    AUTOSUB  shift, and go to state 59

    Exp  转到状态 131


State 100

   65 Exp: Exp MOD . Exp

    INT      shift, and go to state 45
    ID       shift, and go to state 46
    CHAR     shift, and go to state 47
    FLOAT    shift, and go to state 48
    LP       shift, and go to state 49
    LB       shift, and go to state 50
    MINUS    shift, and go to state 52
    NOT      shift, and go to state 53
    AUTOADD  shift, and go to state 58
    AUTOSUB  shift, and go to state 59

    Exp  转到状态 132


State 101

   57 Exp: Exp ASSIGNOP . Exp

    INT      shift, and go to state 45
    ID       shift, and go to state 46
    CHAR     shift, and go to state 47
    FLOAT    shift, and go to state 48
    LP       shift, and go to state 49
    LB       shift, and go to state 50
    MINUS    shift, and go to state 52
    NOT      shift, and go to state 53
    AUTOADD  shift, and go to state 58
    AUTOSUB  shift, and go to state 59

    Exp  转到状态 133


State 102

   58 Exp: Exp AND . Exp

    INT      shift, and go to state 45
    ID       shift, and go to state 46
    CHAR     shift, and go to state 47
    FLOAT    shift, and go to state 48
    LP       shift, and go to state 49
    LB       shift, and go to state 50
    MINUS    shift, and go to state 52
    NOT      shift, and go to state 53
    AUTOADD  shift, and go to state 58
    AUTOSUB  shift, and go to state 59

    Exp  转到状态 134


State 103

   59 Exp: Exp OR . Exp

    INT      shift, and go to state 45
    ID       shift, and go to state 46
    CHAR     shift, and go to state 47
    FLOAT    shift, and go to state 48
    LP       shift, and go to state 49
    LB       shift, and go to state 50
    MINUS    shift, and go to state 52
    NOT      shift, and go to state 53
    AUTOADD  shift, and go to state 58
    AUTOSUB  shift, and go to state 59

    Exp  转到状态 135


State 104

   75 Exp: Exp AUTOADD .

    $default  reduce using rule 75 (Exp)


State 105

   77 Exp: Exp AUTOSUB .

    $default  reduce using rule 77 (Exp)


State 106

   56 Dec: VarDec ASSIGNOP Exp .
   57 Exp: Exp . ASSIGNOP Exp
   58    | Exp . AND Exp
   59    | Exp . OR Exp
   60    | Exp . RELOP Exp
   61    | Exp . PLUS Exp
   62    | Exp . MINUS Exp
   63    | Exp . STAR Exp
   64    | Exp . DIV Exp
   65    | Exp . MOD Exp
   66    | Exp . COMADD Exp
   67    | Exp . COMSUB Exp
   68    | Exp . COMSTAR Exp
   69    | Exp . COMDIV Exp
   70    | Exp . COMMOD Exp
   75    | Exp . AUTOADD
   77    | Exp . AUTOSUB
   81    | Exp . LB Exp RB

    RELOP     shift, and go to state 88
    LB        shift, and go to state 89
    COMADD    shift, and go to state 91
    COMSUB    shift, and go to state 92
    COMSTAR   shift, and go to state 93
    COMDIV    shift, and go to state 94
    COMMOD    shift, and go to state 95
    PLUS      shift, and go to state 96
    MINUS     shift, and go to state 97
    STAR      shift, and go to state 98
    DIV       shift, and go to state 99
    MOD       shift, and go to state 100
    ASSIGNOP  shift, and go to state 101
    AND       shift, and go to state 102
    OR        shift, and go to state 103
    AUTOADD   shift, and go to state 104
    AUTOSUB   shift, and go to state 105

    $default  reduce using rule 56 (Dec)


State 107

   54 DecList: Dec COMMA DecList .

    $default  reduce using rule 54 (DecList)


State 108

   80 Exp: ID LP RP .

    $default  reduce using rule 80 (Exp)


State 109

   79 Exp: ID LP Args . RP

    RP  shift, and go to state 136


State 110

   71 Exp: LP Exp RP .

    $default  reduce using rule 71 (Exp)


State 111

   86 Args: Exp COMMA . Args

    INT      shift, and go to state 45
    ID       shift, and go to state 46
    CHAR     shift, and go to state 47
    FLOAT    shift, and go to state 48
    LP       shift, and go to state 49
    LB       shift, and go to state 50
    MINUS    shift, and go to state 52
    NOT      shift, and go to state 53
    AUTOADD  shift, and go to state 58
    AUTOSUB  shift, and go to state 59

    Exp   转到状态 74
    Args  转到状态 137


State 112

   78 Exp: LB Args RB .

    $default  reduce using rule 78 (Exp)


State 113

   28 Stmt: IF LP Exp . RP Stmt
   29     | IF LP Exp . RP Stmt ELSE Stmt
   57 Exp: Exp . ASSIGNOP Exp
   58    | Exp . AND Exp
   59    | Exp . OR Exp
   60    | Exp . RELOP Exp
   61    | Exp . PLUS Exp
   62    | Exp . MINUS Exp
   63    | Exp . STAR Exp
   64    | Exp . DIV Exp
   65    | Exp . MOD Exp
   66    | Exp . COMADD Exp
   67    | Exp . COMSUB Exp
   68    | Exp . COMSTAR Exp
   69    | Exp . COMDIV Exp
   70    | Exp . COMMOD Exp
   75    | Exp . AUTOADD
   77    | Exp . AUTOSUB
   81    | Exp . LB Exp RB

    RELOP     shift, and go to state 88
    RP        shift, and go to state 138
    LB        shift, and go to state 89
    COMADD    shift, and go to state 91
    COMSUB    shift, and go to state 92
    COMSTAR   shift, and go to state 93
    COMDIV    shift, and go to state 94
    COMMOD    shift, and go to state 95
    PLUS      shift, and go to state 96
    MINUS     shift, and go to state 97
    STAR      shift, and go to state 98
    DIV       shift, and go to state 99
    MOD       shift, and go to state 100
    ASSIGNOP  shift, and go to state 101
    AND       shift, and go to state 102
    OR        shift, and go to state 103
    AUTOADD   shift, and go to state 104
    AUTOSUB   shift, and go to state 105


State 114

   30 Stmt: WHILE LP Exp . RP Stmt
   57 Exp: Exp . ASSIGNOP Exp
   58    | Exp . AND Exp
   59    | Exp . OR Exp
   60    | Exp . RELOP Exp
   61    | Exp . PLUS Exp
   62    | Exp . MINUS Exp
   63    | Exp . STAR Exp
   64    | Exp . DIV Exp
   65    | Exp . MOD Exp
   66    | Exp . COMADD Exp
   67    | Exp . COMSUB Exp
   68    | Exp . COMSTAR Exp
   69    | Exp . COMDIV Exp
   70    | Exp . COMMOD Exp
   75    | Exp . AUTOADD
   77    | Exp . AUTOSUB
   81    | Exp . LB Exp RB

    RELOP     shift, and go to state 88
    RP        shift, and go to state 139
    LB        shift, and go to state 89
    COMADD    shift, and go to state 91
    COMSUB    shift, and go to state 92
    COMSTAR   shift, and go to state 93
    COMDIV    shift, and go to state 94
    COMMOD    shift, and go to state 95
    PLUS      shift, and go to state 96
    MINUS     shift, and go to state 97
    STAR      shift, and go to state 98
    DIV       shift, and go to state 99
    MOD       shift, and go to state 100
    ASSIGNOP  shift, and go to state 101
    AND       shift, and go to state 102
    OR        shift, and go to state 103
    AUTOADD   shift, and go to state 104
    AUTOSUB   shift, and go to state 105


State 115

   27 Stmt: RETURN Exp SEMI .

    $default  reduce using rule 27 (Stmt)


State 116

   39 FORDEC: SEMI . FOREXP2 SEMI FOREXP3
   40       | SEMI . FOREXP2 SEMI
   41       | SEMI . SEMI FOREXP3
   42       | SEMI . SEMI

    INT      shift, and go to state 45
    ID       shift, and go to state 46
    CHAR     shift, and go to state 47
    FLOAT    shift, and go to state 48
    LP       shift, and go to state 49
    LB       shift, and go to state 50
    SEMI     shift, and go to state 140
    MINUS    shift, and go to state 52
    NOT      shift, and go to state 53
    AUTOADD  shift, and go to state 58
    AUTOSUB  shift, and go to state 59

    FOREXP2  转到状态 141
    Exp      转到状态 142


State 117

   44 FOREXP1: Specifier . DecList

    ID  shift, and go to state 31

    VarDec   转到状态 42
    DecList  转到状态 143
    Dec      转到状态 44


State 118

   31 Stmt: FOR LP FORDEC . RP Stmt

    RP  shift, and go to state 144


State 119

   35 FORDEC: FOREXP1 . SEMI FOREXP2 SEMI FOREXP3
   36       | FOREXP1 . SEMI SEMI FOREXP3
   37       | FOREXP1 . SEMI FOREXP2 SEMI
   38       | FOREXP1 . SEMI SEMI

    SEMI  shift, and go to state 145


State 120

   43 FOREXP1: DecList .

    $default  reduce using rule 43 (FOREXP1)


State 121

   57 Exp: Exp . ASSIGNOP Exp
   58    | Exp . AND Exp
   59    | Exp . OR Exp
   60    | Exp . RELOP Exp
   60    | Exp RELOP Exp .
   61    | Exp . PLUS Exp
   62    | Exp . MINUS Exp
   63    | Exp . STAR Exp
   64    | Exp . DIV Exp
   65    | Exp . MOD Exp
   66    | Exp . COMADD Exp
   67    | Exp . COMSUB Exp
   68    | Exp . COMSTAR Exp
   69    | Exp . COMDIV Exp
   70    | Exp . COMMOD Exp
   75    | Exp . AUTOADD
   77    | Exp . AUTOSUB
   81    | Exp . LB Exp RB

    LB       shift, and go to state 89
    PLUS     shift, and go to state 96
    MINUS    shift, and go to state 97
    STAR     shift, and go to state 98
    DIV      shift, and go to state 99
    MOD      shift, and go to state 100
    AUTOADD  shift, and go to state 104
    AUTOSUB  shift, and go to state 105

    $default  reduce using rule 60 (Exp)


State 122

   57 Exp: Exp . ASSIGNOP Exp
   58    | Exp . AND Exp
   59    | Exp . OR Exp
   60    | Exp . RELOP Exp
   61    | Exp . PLUS Exp
   62    | Exp . MINUS Exp
   63    | Exp . STAR Exp
   64    | Exp . DIV Exp
   65    | Exp . MOD Exp
   66    | Exp . COMADD Exp
   67    | Exp . COMSUB Exp
   68    | Exp . COMSTAR Exp
   69    | Exp . COMDIV Exp
   70    | Exp . COMMOD Exp
   75    | Exp . AUTOADD
   77    | Exp . AUTOSUB
   81    | Exp . LB Exp RB
   81    | Exp LB Exp . RB

    RELOP     shift, and go to state 88
    LB        shift, and go to state 89
    RB        shift, and go to state 146
    COMADD    shift, and go to state 91
    COMSUB    shift, and go to state 92
    COMSTAR   shift, and go to state 93
    COMDIV    shift, and go to state 94
    COMMOD    shift, and go to state 95
    PLUS      shift, and go to state 96
    MINUS     shift, and go to state 97
    STAR      shift, and go to state 98
    DIV       shift, and go to state 99
    MOD       shift, and go to state 100
    ASSIGNOP  shift, and go to state 101
    AND       shift, and go to state 102
    OR        shift, and go to state 103
    AUTOADD   shift, and go to state 104
    AUTOSUB   shift, and go to state 105


State 123

   57 Exp: Exp . ASSIGNOP Exp
   58    | Exp . AND Exp
   59    | Exp . OR Exp
   60    | Exp . RELOP Exp
   61    | Exp . PLUS Exp
   62    | Exp . MINUS Exp
   63    | Exp . STAR Exp
   64    | Exp . DIV Exp
   65    | Exp . MOD Exp
   66    | Exp . COMADD Exp
   66    | Exp COMADD Exp .
   67    | Exp . COMSUB Exp
   68    | Exp . COMSTAR Exp
   69    | Exp . COMDIV Exp
   70    | Exp . COMMOD Exp
   75    | Exp . AUTOADD
   77    | Exp . AUTOSUB
   81    | Exp . LB Exp RB

    RELOP     shift, and go to state 88
    LB        shift, and go to state 89
    PLUS      shift, and go to state 96
    MINUS     shift, and go to state 97
    STAR      shift, and go to state 98
    DIV       shift, and go to state 99
    MOD       shift, and go to state 100
    ASSIGNOP  shift, and go to state 101
    AND       shift, and go to state 102
    OR        shift, and go to state 103
    AUTOADD   shift, and go to state 104
    AUTOSUB   shift, and go to state 105

    $default  reduce using rule 66 (Exp)


State 124

   57 Exp: Exp . ASSIGNOP Exp
   58    | Exp . AND Exp
   59    | Exp . OR Exp
   60    | Exp . RELOP Exp
   61    | Exp . PLUS Exp
   62    | Exp . MINUS Exp
   63    | Exp . STAR Exp
   64    | Exp . DIV Exp
   65    | Exp . MOD Exp
   66    | Exp . COMADD Exp
   67    | Exp . COMSUB Exp
   67    | Exp COMSUB Exp .
   68    | Exp . COMSTAR Exp
   69    | Exp . COMDIV Exp
   70    | Exp . COMMOD Exp
   75    | Exp . AUTOADD
   77    | Exp . AUTOSUB
   81    | Exp . LB Exp RB

    RELOP     shift, and go to state 88
    LB        shift, and go to state 89
    PLUS      shift, and go to state 96
    MINUS     shift, and go to state 97
    STAR      shift, and go to state 98
    DIV       shift, and go to state 99
    MOD       shift, and go to state 100
    ASSIGNOP  shift, and go to state 101
    AND       shift, and go to state 102
    OR        shift, and go to state 103
    AUTOADD   shift, and go to state 104
    AUTOSUB   shift, and go to state 105

    $default  reduce using rule 67 (Exp)


State 125

   57 Exp: Exp . ASSIGNOP Exp
   58    | Exp . AND Exp
   59    | Exp . OR Exp
   60    | Exp . RELOP Exp
   61    | Exp . PLUS Exp
   62    | Exp . MINUS Exp
   63    | Exp . STAR Exp
   64    | Exp . DIV Exp
   65    | Exp . MOD Exp
   66    | Exp . COMADD Exp
   67    | Exp . COMSUB Exp
   68    | Exp . COMSTAR Exp
   68    | Exp COMSTAR Exp .
   69    | Exp . COMDIV Exp
   70    | Exp . COMMOD Exp
   75    | Exp . AUTOADD
   77    | Exp . AUTOSUB
   81    | Exp . LB Exp RB

    RELOP     shift, and go to state 88
    LB        shift, and go to state 89
    PLUS      shift, and go to state 96
    MINUS     shift, and go to state 97
    STAR      shift, and go to state 98
    DIV       shift, and go to state 99
    MOD       shift, and go to state 100
    ASSIGNOP  shift, and go to state 101
    AND       shift, and go to state 102
    OR        shift, and go to state 103
    AUTOADD   shift, and go to state 104
    AUTOSUB   shift, and go to state 105

    $default  reduce using rule 68 (Exp)


State 126

   57 Exp: Exp . ASSIGNOP Exp
   58    | Exp . AND Exp
   59    | Exp . OR Exp
   60    | Exp . RELOP Exp
   61    | Exp . PLUS Exp
   62    | Exp . MINUS Exp
   63    | Exp . STAR Exp
   64    | Exp . DIV Exp
   65    | Exp . MOD Exp
   66    | Exp . COMADD Exp
   67    | Exp . COMSUB Exp
   68    | Exp . COMSTAR Exp
   69    | Exp . COMDIV Exp
   69    | Exp COMDIV Exp .
   70    | Exp . COMMOD Exp
   75    | Exp . AUTOADD
   77    | Exp . AUTOSUB
   81    | Exp . LB Exp RB

    RELOP     shift, and go to state 88
    LB        shift, and go to state 89
    PLUS      shift, and go to state 96
    MINUS     shift, and go to state 97
    STAR      shift, and go to state 98
    DIV       shift, and go to state 99
    MOD       shift, and go to state 100
    ASSIGNOP  shift, and go to state 101
    AND       shift, and go to state 102
    OR        shift, and go to state 103
    AUTOADD   shift, and go to state 104
    AUTOSUB   shift, and go to state 105

    $default  reduce using rule 69 (Exp)


State 127

   57 Exp: Exp . ASSIGNOP Exp
   58    | Exp . AND Exp
   59    | Exp . OR Exp
   60    | Exp . RELOP Exp
   61    | Exp . PLUS Exp
   62    | Exp . MINUS Exp
   63    | Exp . STAR Exp
   64    | Exp . DIV Exp
   65    | Exp . MOD Exp
   66    | Exp . COMADD Exp
   67    | Exp . COMSUB Exp
   68    | Exp . COMSTAR Exp
   69    | Exp . COMDIV Exp
   70    | Exp . COMMOD Exp
   70    | Exp COMMOD Exp .
   75    | Exp . AUTOADD
   77    | Exp . AUTOSUB
   81    | Exp . LB Exp RB

    RELOP     shift, and go to state 88
    LB        shift, and go to state 89
    PLUS      shift, and go to state 96
    MINUS     shift, and go to state 97
    STAR      shift, and go to state 98
    DIV       shift, and go to state 99
    MOD       shift, and go to state 100
    ASSIGNOP  shift, and go to state 101
    AND       shift, and go to state 102
    OR        shift, and go to state 103
    AUTOADD   shift, and go to state 104
    AUTOSUB   shift, and go to state 105

    $default  reduce using rule 70 (Exp)


State 128

   57 Exp: Exp . ASSIGNOP Exp
   58    | Exp . AND Exp
   59    | Exp . OR Exp
   60    | Exp . RELOP Exp
   61    | Exp . PLUS Exp
   61    | Exp PLUS Exp .
   62    | Exp . MINUS Exp
   63    | Exp . STAR Exp
   64    | Exp . DIV Exp
   65    | Exp . MOD Exp
   66    | Exp . COMADD Exp
   67    | Exp . COMSUB Exp
   68    | Exp . COMSTAR Exp
   69    | Exp . COMDIV Exp
   70    | Exp . COMMOD Exp
   75    | Exp . AUTOADD
   77    | Exp . AUTOSUB
   81    | Exp . LB Exp RB

    LB       shift, and go to state 89
    STAR     shift, and go to state 98
    DIV      shift, and go to state 99
    MOD      shift, and go to state 100
    AUTOADD  shift, and go to state 104
    AUTOSUB  shift, and go to state 105

    $default  reduce using rule 61 (Exp)


State 129

   57 Exp: Exp . ASSIGNOP Exp
   58    | Exp . AND Exp
   59    | Exp . OR Exp
   60    | Exp . RELOP Exp
   61    | Exp . PLUS Exp
   62    | Exp . MINUS Exp
   62    | Exp MINUS Exp .
   63    | Exp . STAR Exp
   64    | Exp . DIV Exp
   65    | Exp . MOD Exp
   66    | Exp . COMADD Exp
   67    | Exp . COMSUB Exp
   68    | Exp . COMSTAR Exp
   69    | Exp . COMDIV Exp
   70    | Exp . COMMOD Exp
   75    | Exp . AUTOADD
   77    | Exp . AUTOSUB
   81    | Exp . LB Exp RB

    LB       shift, and go to state 89
    STAR     shift, and go to state 98
    DIV      shift, and go to state 99
    MOD      shift, and go to state 100
    AUTOADD  shift, and go to state 104
    AUTOSUB  shift, and go to state 105

    $default  reduce using rule 62 (Exp)


State 130

   57 Exp: Exp . ASSIGNOP Exp
   58    | Exp . AND Exp
   59    | Exp . OR Exp
   60    | Exp . RELOP Exp
   61    | Exp . PLUS Exp
   62    | Exp . MINUS Exp
   63    | Exp . STAR Exp
   63    | Exp STAR Exp .
   64    | Exp . DIV Exp
   65    | Exp . MOD Exp
   66    | Exp . COMADD Exp
   67    | Exp . COMSUB Exp
   68    | Exp . COMSTAR Exp
   69    | Exp . COMDIV Exp
   70    | Exp . COMMOD Exp
   75    | Exp . AUTOADD
   77    | Exp . AUTOSUB
   81    | Exp . LB Exp RB

    LB       shift, and go to state 89
    AUTOADD  shift, and go to state 104
    AUTOSUB  shift, and go to state 105

    $default  reduce using rule 63 (Exp)


State 131

   57 Exp: Exp . ASSIGNOP Exp
   58    | Exp . AND Exp
   59    | Exp . OR Exp
   60    | Exp . RELOP Exp
   61    | Exp . PLUS Exp
   62    | Exp . MINUS Exp
   63    | Exp . STAR Exp
   64    | Exp . DIV Exp
   64    | Exp DIV Exp .
   65    | Exp . MOD Exp
   66    | Exp . COMADD Exp
   67    | Exp . COMSUB Exp
   68    | Exp . COMSTAR Exp
   69    | Exp . COMDIV Exp
   70    | Exp . COMMOD Exp
   75    | Exp . AUTOADD
   77    | Exp . AUTOSUB
   81    | Exp . LB Exp RB

    LB       shift, and go to state 89
    AUTOADD  shift, and go to state 104
    AUTOSUB  shift, and go to state 105

    $default  reduce using rule 64 (Exp)


State 132

   57 Exp: Exp . ASSIGNOP Exp
   58    | Exp . AND Exp
   59    | Exp . OR Exp
   60    | Exp . RELOP Exp
   61    | Exp . PLUS Exp
   62    | Exp . MINUS Exp
   63    | Exp . STAR Exp
   64    | Exp . DIV Exp
   65    | Exp . MOD Exp
   65    | Exp MOD Exp .
   66    | Exp . COMADD Exp
   67    | Exp . COMSUB Exp
   68    | Exp . COMSTAR Exp
   69    | Exp . COMDIV Exp
   70    | Exp . COMMOD Exp
   75    | Exp . AUTOADD
   77    | Exp . AUTOSUB
   81    | Exp . LB Exp RB

    LB       shift, and go to state 89
    AUTOADD  shift, and go to state 104
    AUTOSUB  shift, and go to state 105

    $default  reduce using rule 65 (Exp)


State 133

   57 Exp: Exp . ASSIGNOP Exp
   57    | Exp ASSIGNOP Exp .
   58    | Exp . AND Exp
   59    | Exp . OR Exp
   60    | Exp . RELOP Exp
   61    | Exp . PLUS Exp
   62    | Exp . MINUS Exp
   63    | Exp . STAR Exp
   64    | Exp . DIV Exp
   65    | Exp . MOD Exp
   66    | Exp . COMADD Exp
   67    | Exp . COMSUB Exp
   68    | Exp . COMSTAR Exp
   69    | Exp . COMDIV Exp
   70    | Exp . COMMOD Exp
   75    | Exp . AUTOADD
   77    | Exp . AUTOSUB
   81    | Exp . LB Exp RB

    RELOP    shift, and go to state 88
    LB       shift, and go to state 89
    PLUS     shift, and go to state 96
    MINUS    shift, and go to state 97
    STAR     shift, and go to state 98
    DIV      shift, and go to state 99
    MOD      shift, and go to state 100
    AND      shift, and go to state 102
    OR       shift, and go to state 103
    AUTOADD  shift, and go to state 104
    AUTOSUB  shift, and go to state 105

    $default  reduce using rule 57 (Exp)


State 134

   57 Exp: Exp . ASSIGNOP Exp
   58    | Exp . AND Exp
   58    | Exp AND Exp .
   59    | Exp . OR Exp
   60    | Exp . RELOP Exp
   61    | Exp . PLUS Exp
   62    | Exp . MINUS Exp
   63    | Exp . STAR Exp
   64    | Exp . DIV Exp
   65    | Exp . MOD Exp
   66    | Exp . COMADD Exp
   67    | Exp . COMSUB Exp
   68    | Exp . COMSTAR Exp
   69    | Exp . COMDIV Exp
   70    | Exp . COMMOD Exp
   75    | Exp . AUTOADD
   77    | Exp . AUTOSUB
   81    | Exp . LB Exp RB

    RELOP    shift, and go to state 88
    LB       shift, and go to state 89
    PLUS     shift, and go to state 96
    MINUS    shift, and go to state 97
    STAR     shift, and go to state 98
    DIV      shift, and go to state 99
    MOD      shift, and go to state 100
    AUTOADD  shift, and go to state 104
    AUTOSUB  shift, and go to state 105

    $default  reduce using rule 58 (Exp)


State 135

   57 Exp: Exp . ASSIGNOP Exp
   58    | Exp . AND Exp
   59    | Exp . OR Exp
   59    | Exp OR Exp .
   60    | Exp . RELOP Exp
   61    | Exp . PLUS Exp
   62    | Exp . MINUS Exp
   63    | Exp . STAR Exp
   64    | Exp . DIV Exp
   65    | Exp . MOD Exp
   66    | Exp . COMADD Exp
   67    | Exp . COMSUB Exp
   68    | Exp . COMSTAR Exp
   69    | Exp . COMDIV Exp
   70    | Exp . COMMOD Exp
   75    | Exp . AUTOADD
   77    | Exp . AUTOSUB
   81    | Exp . LB Exp RB

    RELOP    shift, and go to state 88
    LB       shift, and go to state 89
    PLUS     shift, and go to state 96
    MINUS    shift, and go to state 97
    STAR     shift, and go to state 98
    DIV      shift, and go to state 99
    MOD      shift, and go to state 100
    AND      shift, and go to state 102
    AUTOADD  shift, and go to state 104
    AUTOSUB  shift, and go to state 105

    $default  reduce using rule 59 (Exp)


State 136

   79 Exp: ID LP Args RP .

    $default  reduce using rule 79 (Exp)


State 137

   86 Args: Exp COMMA Args .

    $default  reduce using rule 86 (Args)


State 138

   28 Stmt: IF LP Exp RP . Stmt
   29     | IF LP Exp RP . Stmt ELSE Stmt

    INT       shift, and go to state 45
    ID        shift, and go to state 46
    CHAR      shift, and go to state 47
    FLOAT     shift, and go to state 48
    LP        shift, and go to state 49
    LB        shift, and go to state 50
    LC        shift, and go to state 22
    SEMI      shift, and go to state 51
    MINUS     shift, and go to state 52
    NOT       shift, and go to state 53
    IF        shift, and go to state 54
    WHILE     shift, and go to state 55
    RETURN    shift, and go to state 56
    FOR       shift, and go to state 57
    AUTOADD   shift, and go to state 58
    AUTOSUB   shift, and go to state 59
    BREAK     shift, and go to state 60
    CONTINUE  shift, and go to state 61

    CompSt  转到状态 62
    Stmt    转到状态 147
    Exp     转到状态 65


State 139

   30 Stmt: WHILE LP Exp RP . Stmt

    INT       shift, and go to state 45
    ID        shift, and go to state 46
    CHAR      shift, and go to state 47
    FLOAT     shift, and go to state 48
    LP        shift, and go to state 49
    LB        shift, and go to state 50
    LC        shift, and go to state 22
    SEMI      shift, and go to state 51
    MINUS     shift, and go to state 52
    NOT       shift, and go to state 53
    IF        shift, and go to state 54
    WHILE     shift, and go to state 55
    RETURN    shift, and go to state 56
    FOR       shift, and go to state 57
    AUTOADD   shift, and go to state 58
    AUTOSUB   shift, and go to state 59
    BREAK     shift, and go to state 60
    CONTINUE  shift, and go to state 61

    CompSt  转到状态 62
    Stmt    转到状态 148
    Exp     转到状态 65


State 140

   41 FORDEC: SEMI SEMI . FOREXP3
   42       | SEMI SEMI .

    INT      shift, and go to state 45
    ID       shift, and go to state 46
    CHAR     shift, and go to state 47
    FLOAT    shift, and go to state 48
    LP       shift, and go to state 49
    LB       shift, and go to state 50
    MINUS    shift, and go to state 52
    NOT      shift, and go to state 53
    AUTOADD  shift, and go to state 58
    AUTOSUB  shift, and go to state 59

    $default  reduce using rule 42 (FORDEC)

    FOREXP3  转到状态 149
    Exp      转到状态 150


State 141

   39 FORDEC: SEMI FOREXP2 . SEMI FOREXP3
   40       | SEMI FOREXP2 . SEMI

    SEMI  shift, and go to state 151


State 142

   45 FOREXP2: Exp . COMMA FOREXP2
   46        | Exp .
   57 Exp: Exp . ASSIGNOP Exp
   58    | Exp . AND Exp
   59    | Exp . OR Exp
   60    | Exp . RELOP Exp
   61    | Exp . PLUS Exp
   62    | Exp . MINUS Exp
   63    | Exp . STAR Exp
   64    | Exp . DIV Exp
   65    | Exp . MOD Exp
   66    | Exp . COMADD Exp
   67    | Exp . COMSUB Exp
   68    | Exp . COMSTAR Exp
   69    | Exp . COMDIV Exp
   70    | Exp . COMMOD Exp
   75    | Exp . AUTOADD
   77    | Exp . AUTOSUB
   81    | Exp . LB Exp RB

    RELOP     shift, and go to state 88
    LB        shift, and go to state 89
    COMMA     shift, and go to state 152
    COMADD    shift, and go to state 91
    COMSUB    shift, and go to state 92
    COMSTAR   shift, and go to state 93
    COMDIV    shift, and go to state 94
    COMMOD    shift, and go to state 95
    PLUS      shift, and go to state 96
    MINUS     shift, and go to state 97
    STAR      shift, and go to state 98
    DIV       shift, and go to state 99
    MOD       shift, and go to state 100
    ASSIGNOP  shift, and go to state 101
    AND       shift, and go to state 102
    OR        shift, and go to state 103
    AUTOADD   shift, and go to state 104
    AUTOSUB   shift, and go to state 105

    $default  reduce using rule 46 (FOREXP2)


State 143

   44 FOREXP1: Specifier DecList .

    $default  reduce using rule 44 (FOREXP1)


State 144

   31 Stmt: FOR LP FORDEC RP . Stmt

    INT       shift, and go to state 45
    ID        shift, and go to state 46
    CHAR      shift, and go to state 47
    FLOAT     shift, and go to state 48
    LP        shift, and go to state 49
    LB        shift, and go to state 50
    LC        shift, and go to state 22
    SEMI      shift, and go to state 51
    MINUS     shift, and go to state 52
    NOT       shift, and go to state 53
    IF        shift, and go to state 54
    WHILE     shift, and go to state 55
    RETURN    shift, and go to state 56
    FOR       shift, and go to state 57
    AUTOADD   shift, and go to state 58
    AUTOSUB   shift, and go to state 59
    BREAK     shift, and go to state 60
    CONTINUE  shift, and go to state 61

    CompSt  转到状态 62
    Stmt    转到状态 153
    Exp     转到状态 65


State 145

   35 FORDEC: FOREXP1 SEMI . FOREXP2 SEMI FOREXP3
   36       | FOREXP1 SEMI . SEMI FOREXP3
   37       | FOREXP1 SEMI . FOREXP2 SEMI
   38       | FOREXP1 SEMI . SEMI

    INT      shift, and go to state 45
    ID       shift, and go to state 46
    CHAR     shift, and go to state 47
    FLOAT    shift, and go to state 48
    LP       shift, and go to state 49
    LB       shift, and go to state 50
    SEMI     shift, and go to state 154
    MINUS    shift, and go to state 52
    NOT      shift, and go to state 53
    AUTOADD  shift, and go to state 58
    AUTOSUB  shift, and go to state 59

    FOREXP2  转到状态 155
    Exp      转到状态 142


State 146

   81 Exp: Exp LB Exp RB .

    $default  reduce using rule 81 (Exp)


State 147

   28 Stmt: IF LP Exp RP Stmt .
   29     | IF LP Exp RP Stmt . ELSE Stmt

    ELSE  shift, and go to state 156

    $default  reduce using rule 28 (Stmt)


State 148

   30 Stmt: WHILE LP Exp RP Stmt .

    $default  reduce using rule 30 (Stmt)


State 149

   41 FORDEC: SEMI SEMI FOREXP3 .

    $default  reduce using rule 41 (FORDEC)


State 150

   47 FOREXP3: Exp . COMMA FOREXP3
   48        | Exp .
   57 Exp: Exp . ASSIGNOP Exp
   58    | Exp . AND Exp
   59    | Exp . OR Exp
   60    | Exp . RELOP Exp
   61    | Exp . PLUS Exp
   62    | Exp . MINUS Exp
   63    | Exp . STAR Exp
   64    | Exp . DIV Exp
   65    | Exp . MOD Exp
   66    | Exp . COMADD Exp
   67    | Exp . COMSUB Exp
   68    | Exp . COMSTAR Exp
   69    | Exp . COMDIV Exp
   70    | Exp . COMMOD Exp
   75    | Exp . AUTOADD
   77    | Exp . AUTOSUB
   81    | Exp . LB Exp RB

    RELOP     shift, and go to state 88
    LB        shift, and go to state 89
    COMMA     shift, and go to state 157
    COMADD    shift, and go to state 91
    COMSUB    shift, and go to state 92
    COMSTAR   shift, and go to state 93
    COMDIV    shift, and go to state 94
    COMMOD    shift, and go to state 95
    PLUS      shift, and go to state 96
    MINUS     shift, and go to state 97
    STAR      shift, and go to state 98
    DIV       shift, and go to state 99
    MOD       shift, and go to state 100
    ASSIGNOP  shift, and go to state 101
    AND       shift, and go to state 102
    OR        shift, and go to state 103
    AUTOADD   shift, and go to state 104
    AUTOSUB   shift, and go to state 105

    $default  reduce using rule 48 (FOREXP3)


State 151

   39 FORDEC: SEMI FOREXP2 SEMI . FOREXP3
   40       | SEMI FOREXP2 SEMI .

    INT      shift, and go to state 45
    ID       shift, and go to state 46
    CHAR     shift, and go to state 47
    FLOAT    shift, and go to state 48
    LP       shift, and go to state 49
    LB       shift, and go to state 50
    MINUS    shift, and go to state 52
    NOT      shift, and go to state 53
    AUTOADD  shift, and go to state 58
    AUTOSUB  shift, and go to state 59

    $default  reduce using rule 40 (FORDEC)

    FOREXP3  转到状态 158
    Exp      转到状态 150


State 152

   45 FOREXP2: Exp COMMA . FOREXP2

    INT      shift, and go to state 45
    ID       shift, and go to state 46
    CHAR     shift, and go to state 47
    FLOAT    shift, and go to state 48
    LP       shift, and go to state 49
    LB       shift, and go to state 50
    MINUS    shift, and go to state 52
    NOT      shift, and go to state 53
    AUTOADD  shift, and go to state 58
    AUTOSUB  shift, and go to state 59

    FOREXP2  转到状态 159
    Exp      转到状态 142


State 153

   31 Stmt: FOR LP FORDEC RP Stmt .

    $default  reduce using rule 31 (Stmt)


State 154

   36 FORDEC: FOREXP1 SEMI SEMI . FOREXP3
   38       | FOREXP1 SEMI SEMI .

    INT      shift, and go to state 45
    ID       shift, and go to state 46
    CHAR     shift, and go to state 47
    FLOAT    shift, and go to state 48
    LP       shift, and go to state 49
    LB       shift, and go to state 50
    MINUS    shift, and go to state 52
    NOT      shift, and go to state 53
    AUTOADD  shift, and go to state 58
    AUTOSUB  shift, and go to state 59

    $default  reduce using rule 38 (FORDEC)

    FOREXP3  转到状态 160
    Exp      转到状态 150


State 155

   35 FORDEC: FOREXP1 SEMI FOREXP2 . SEMI FOREXP3
   37       | FOREXP1 SEMI FOREXP2 . SEMI

    SEMI  shift, and go to state 161


State 156

   29 Stmt: IF LP Exp RP Stmt ELSE . Stmt

    INT       shift, and go to state 45
    ID        shift, and go to state 46
    CHAR      shift, and go to state 47
    FLOAT     shift, and go to state 48
    LP        shift, and go to state 49
    LB        shift, and go to state 50
    LC        shift, and go to state 22
    SEMI      shift, and go to state 51
    MINUS     shift, and go to state 52
    NOT       shift, and go to state 53
    IF        shift, and go to state 54
    WHILE     shift, and go to state 55
    RETURN    shift, and go to state 56
    FOR       shift, and go to state 57
    AUTOADD   shift, and go to state 58
    AUTOSUB   shift, and go to state 59
    BREAK     shift, and go to state 60
    CONTINUE  shift, and go to state 61

    CompSt  转到状态 62
    Stmt    转到状态 162
    Exp     转到状态 65


State 157

   47 FOREXP3: Exp COMMA . FOREXP3

    INT      shift, and go to state 45
    ID       shift, and go to state 46
    CHAR     shift, and go to state 47
    FLOAT    shift, and go to state 48
    LP       shift, and go to state 49
    LB       shift, and go to state 50
    MINUS    shift, and go to state 52
    NOT      shift, and go to state 53
    AUTOADD  shift, and go to state 58
    AUTOSUB  shift, and go to state 59

    FOREXP3  转到状态 163
    Exp      转到状态 150


State 158

   39 FORDEC: SEMI FOREXP2 SEMI FOREXP3 .

    $default  reduce using rule 39 (FORDEC)


State 159

   45 FOREXP2: Exp COMMA FOREXP2 .

    $default  reduce using rule 45 (FOREXP2)


State 160

   36 FORDEC: FOREXP1 SEMI SEMI FOREXP3 .

    $default  reduce using rule 36 (FORDEC)


State 161

   35 FORDEC: FOREXP1 SEMI FOREXP2 SEMI . FOREXP3
   37       | FOREXP1 SEMI FOREXP2 SEMI .

    INT      shift, and go to state 45
    ID       shift, and go to state 46
    CHAR     shift, and go to state 47
    FLOAT    shift, and go to state 48
    LP       shift, and go to state 49
    LB       shift, and go to state 50
    MINUS    shift, and go to state 52
    NOT      shift, and go to state 53
    AUTOADD  shift, and go to state 58
    AUTOSUB  shift, and go to state 59

    $default  reduce using rule 37 (FORDEC)

    FOREXP3  转到状态 164
    Exp      转到状态 150


State 162

   29 Stmt: IF LP Exp RP Stmt ELSE Stmt .

    $default  reduce using rule 29 (Stmt)


State 163

   47 FOREXP3: Exp COMMA FOREXP3 .

    $default  reduce using rule 47 (FOREXP3)


State 164

   35 FORDEC: FOREXP1 SEMI FOREXP2 SEMI FOREXP3 .

    $default  reduce using rule 35 (FORDEC)
