在5行,b 变量重复定义
在6行,arr 变量重复定义
在7行,array 数组下标不能为负值或0
在10行,返回值类型错误，语义错误 
-------------------------------------------------------------------------------------------------
|                                       Symbol Table                                            |
-------------------------------------------------------------------------------------------------
|	变量名	|	别名	|	层号	|	类型	|	标记	|	偏移量	|
-------------------------------------------------------------------------------------------------
|	read	|		|	0	|	int	|	F	|	4	|
|	write	|		|	0	|	int	|	F	|	4	|
|	a	|	v1	|	0	|	int	|	V	|	0	|
|	b	|	v2	|	0	|	int	|	V	|	4	|
|	c	|	v3	|	0	|	int	|	V	|	8	|
|	d	|	v4	|	0	|	float	|	V	|	12	|
|	e	|	v5	|	0	|	float	|	V	|	20	|
|	f	|	v6	|	0	|	float	|	V	|	28	|
|	g	|	v7	|	0	|	char	|	V	|	36	|
|	arr	|	v8	|	0	|	int[]	|	A	|	37	|
|	array	|	v11	|	0	|	int[]	|	A	|	41	|
|	funcA	|	v12	|	0	|	int	|	F	|	0	|
|	i	|	v13	|	1	|	int	|	P	|	12	|
|	j	|	v14	|	1	|	int	|	P	|	16	|
|	x	|	v15	|	1	|	float	|	V	|	20	|
|		|	temp1	|	1	|	float	|	T	|	28	|
-------------------------------------------------------------------------------------------------
在13行,funcA 函数重复定义
-------------------------------------------------------------------------------------------------
|                                       Symbol Table                                            |
-------------------------------------------------------------------------------------------------
|	变量名	|	别名	|	层号	|	类型	|	标记	|	偏移量	|
-------------------------------------------------------------------------------------------------
|	read	|		|	0	|	int	|	F	|	4	|
|	write	|		|	0	|	int	|	F	|	4	|
|	a	|	v1	|	0	|	int	|	V	|	0	|
|	b	|	v2	|	0	|	int	|	V	|	4	|
|	c	|	v3	|	0	|	int	|	V	|	8	|
|	d	|	v4	|	0	|	float	|	V	|	12	|
|	e	|	v5	|	0	|	float	|	V	|	20	|
|	f	|	v6	|	0	|	float	|	V	|	28	|
|	g	|	v7	|	0	|	char	|	V	|	36	|
|	arr	|	v8	|	0	|	int[]	|	A	|	37	|
|	array	|	v11	|	0	|	int[]	|	A	|	41	|
|	funcA	|	v12	|	0	|	int	|	F	|	36	|
|	i	|	v13	|	1	|	int	|	P	|	12	|
|	j	|	v14	|	1	|	int	|	P	|	16	|
-------------------------------------------------------------------------------------------------
-------------------------------------------------------------------------------------------------
|                                       Symbol Table                                            |
-------------------------------------------------------------------------------------------------
|	变量名	|	别名	|	层号	|	类型	|	标记	|	偏移量	|
-------------------------------------------------------------------------------------------------
|	read	|		|	0	|	int	|	F	|	12	|
|	write	|		|	0	|	int	|	F	|	4	|
|	a	|	v1	|	0	|	int	|	V	|	0	|
|	b	|	v2	|	0	|	int	|	V	|	4	|
|	c	|	v3	|	0	|	int	|	V	|	8	|
|	d	|	v4	|	0	|	float	|	V	|	12	|
|	e	|	v5	|	0	|	float	|	V	|	20	|
|	f	|	v6	|	0	|	float	|	V	|	28	|
|	g	|	v7	|	0	|	char	|	V	|	36	|
|	arr	|	v8	|	0	|	int[]	|	A	|	37	|
|	array	|	v11	|	0	|	int[]	|	A	|	41	|
|	funcA	|	v12	|	0	|	int	|	F	|	36	|
|	i	|	v13	|	1	|	int	|	P	|	12	|
|	j	|	v14	|	1	|	int	|	P	|	16	|
|	funcB	|	v17	|	0	|	int	|	F	|	0	|
-------------------------------------------------------------------------------------------------
在21行, 自增语句左值不为int型
在22行,z 变量未定义
在22行,y 变量未定义
在22行, 运算符左右变量类型不匹配
在23行,callFunc 函数未定义
在24行, 自减语句左值不为int型
在25行,a 不是函数名，不能调用函数
在26行, 函数调用参数太少!
在27行, 函数调用参数太多!
在28行, 参数类型不匹配
在29行,a 不是数组变量名，不能采用下标访问
在30行, 数组下标表达式非法
在31行, 数组下标表达式非法
在32行,A 是字符类型变量，不能参与运算
在32行, 赋值号两边的类型不匹配
在33行, 运算符左右变量类型不匹配
在33行, 赋值号两边的类型不匹配
在34行,  break语句出现位置错误
在35行,  continue语句出现位置错误
在36行, 赋值语句需要左值
在37行, 赋值语句需要左值
在38行, 自增语句需要左值
在39行, 自增语句需要左值
在40行, 自增语句需要左值
在41行, 自减语句需要左值
在42行, 自减语句需要左值
在43行, 赋值语句需要左值
在45行, 自减语句左值不为int型
在46行, 自减语句左值不为int型
在47行, 自增语句左值不为int型
在48行, 自增语句左值不为int型
在49行, 复合赋值语句需要左值
在50行, 复合赋值语句需要左值
在51行, 字符类型变量不能参与复合赋值运算
在52行, 复合赋值语句需要左值
在53行,a 不是数组变量名，不能采用下标访问
在53行, 复合赋值运算左右变量类型不匹配
在54行, 复合赋值运算左右变量类型不匹配
在55行, 数组下标不能为负值或0
在56行, 数组下标表达式非法
在57行,返回值类型错误，语义错误 
-------------------------------------------------------------------------------------------------
|                                       Symbol Table                                            |
-------------------------------------------------------------------------------------------------
|	变量名	|	别名	|	层号	|	类型	|	标记	|	偏移量	|
-------------------------------------------------------------------------------------------------
|	read	|		|	0	|	int	|	F	|	12	|
|	write	|		|	0	|	int	|	F	|	4	|
|	a	|	v1	|	0	|	int	|	V	|	0	|
|	b	|	v2	|	0	|	int	|	V	|	4	|
|	c	|	v3	|	0	|	int	|	V	|	8	|
|	d	|	v4	|	0	|	float	|	V	|	12	|
|	e	|	v5	|	0	|	float	|	V	|	20	|
|	f	|	v6	|	0	|	float	|	V	|	28	|
|	g	|	v7	|	0	|	char	|	V	|	36	|
|	arr	|	v8	|	0	|	int[]	|	A	|	37	|
|	array	|	v11	|	0	|	int[]	|	A	|	41	|
|	funcA	|	v12	|	0	|	int	|	F	|	36	|
|	i	|	v13	|	1	|	int	|	P	|	12	|
|	j	|	v14	|	1	|	int	|	P	|	16	|
|	funcB	|	v17	|	0	|	int	|	F	|	12	|
|	main	|	v18	|	0	|	int	|	F	|	0	|
|		|	temp2	|	1	|	int	|	T	|	12	|
|		|	temp3	|	1	|	int	|	T	|	12	|
|		|	temp4	|	1	|	int	|	T	|	12	|
|		|	temp5	|	1	|	int	|	T	|	12	|
|		|	temp6	|	1	|	int	|	T	|	12	|
|		|	temp7	|	1	|	float	|	T	|	0	|
|		|	temp8	|	1	|	char	|	T	|	0	|
|		|	temp9	|	1	|	int	|	T	|	12	|
|		|	temp10	|	1	|	char	|	T	|	16	|
|		|	temp11	|	1	|	int	|	T	|	12	|
|		|	temp12	|	1	|	float	|	T	|	16	|
|		|	temp13	|	1	|	char	|	T	|	12	|
|		|	temp14	|	1	|	float	|	T	|	12	|
|		|	temp15	|	1	|	float	|	T	|	12	|
|		|	temp16	|	1	|	int	|	T	|	0	|
|		|	temp17	|	1	|	int	|	T	|	0	|
|		|	temp18	|	1	|	int	|	T	|	0	|
|		|	temp19	|	1	|	int	|	T	|	0	|
|		|	temp20	|	1	|	char	|	T	|	0	|
|		|	temp21	|	1	|	int	|	T	|	0	|
|		|	temp22	|	1	|	char	|	T	|	12	|
-------------------------------------------------------------------------------------------------
